{"/home/ubuntu/devintrade/trading-dashboard/src/App.tsx": {"path":"/home/ubuntu/devintrade/trading-dashboard/src/App.tsx","statementMap":{"0":{"start":{"line":1,"column":0},"end":{"line":1,"column":59}},"1":{"start":{"line":2,"column":0},"end":{"line":2,"column":64}},"2":{"start":{"line":3,"column":0},"end":{"line":3,"column":61}},"3":{"start":{"line":5,"column":12},"end":{"line":22,"column":1}},"4":{"start":{"line":6,"column":2},"end":{"line":21,"column":null}},"5":{"start":{"line":24,"column":0},"end":{"line":24,"column":null}}},"fnMap":{"0":{"name":"(anonymous_0)","decl":{"start":{"line":5,"column":12},"end":{"line":5,"column":15}},"loc":{"start":{"line":5,"column":17},"end":{"line":22,"column":1}}}},"branchMap":{},"s":{"0":0,"1":0,"2":0,"3":0,"4":0,"5":0},"f":{"0":0},"b":{}}
,"/home/ubuntu/devintrade/trading-dashboard/src/components/ConnectionStatus.tsx": {"path":"/home/ubuntu/devintrade/trading-dashboard/src/components/ConnectionStatus.tsx","statementMap":{"0":{"start":{"line":1,"column":0},"end":{"line":1,"column":25}},"1":{"start":{"line":8,"column":65},"end":{"line":50,"column":1}},"2":{"start":{"line":12,"column":20},"end":{"line":12,"column":106}},"3":{"start":{"line":13,"column":27},"end":{"line":13,"column":67}},"4":{"start":{"line":14,"column":31},"end":{"line":14,"column":71}},"5":{"start":{"line":16,"column":25},"end":{"line":21,"column":3}},"6":{"start":{"line":17,"column":4},"end":{"line":17,"column":null}},"7":{"start":{"line":17,"column":19},"end":{"line":17,"column":null}},"8":{"start":{"line":18,"column":4},"end":{"line":18,"column":null}},"9":{"start":{"line":18,"column":26},"end":{"line":18,"column":null}},"10":{"start":{"line":19,"column":4},"end":{"line":19,"column":null}},"11":{"start":{"line":19,"column":30},"end":{"line":19,"column":null}},"12":{"start":{"line":20,"column":4},"end":{"line":20,"column":null}},"13":{"start":{"line":23,"column":24},"end":{"line":28,"column":3}},"14":{"start":{"line":24,"column":4},"end":{"line":24,"column":null}},"15":{"start":{"line":24,"column":19},"end":{"line":24,"column":null}},"16":{"start":{"line":25,"column":4},"end":{"line":25,"column":null}},"17":{"start":{"line":25,"column":26},"end":{"line":25,"column":null}},"18":{"start":{"line":26,"column":4},"end":{"line":26,"column":null}},"19":{"start":{"line":26,"column":30},"end":{"line":26,"column":null}},"20":{"start":{"line":27,"column":4},"end":{"line":27,"column":null}},"21":{"start":{"line":30,"column":25},"end":{"line":32,"column":3}},"22":{"start":{"line":31,"column":4},"end":{"line":31,"column":null}},"23":{"start":{"line":34,"column":2},"end":{"line":49,"column":null}},"24":{"start":{"line":8,"column":13},"end":{"line":8,"column":65}}},"fnMap":{"0":{"name":"(anonymous_1)","decl":{"start":{"line":8,"column":65},"end":{"line":8,"column":66}},"loc":{"start":{"line":11,"column":5},"end":{"line":50,"column":1}}},"1":{"name":"(anonymous_2)","decl":{"start":{"line":16,"column":25},"end":{"line":16,"column":28}},"loc":{"start":{"line":16,"column":30},"end":{"line":21,"column":3}}},"2":{"name":"(anonymous_3)","decl":{"start":{"line":23,"column":24},"end":{"line":23,"column":27}},"loc":{"start":{"line":23,"column":29},"end":{"line":28,"column":3}}},"3":{"name":"(anonymous_4)","decl":{"start":{"line":30,"column":25},"end":{"line":30,"column":28}},"loc":{"start":{"line":30,"column":30},"end":{"line":32,"column":3}}}},"branchMap":{"0":{"loc":{"start":{"line":12,"column":20},"end":{"line":12,"column":106}},"type":"binary-expr","locations":[{"start":{"line":12,"column":20},"end":{"line":12,"column":59}},{"start":{"line":12,"column":63},"end":{"line":12,"column":106}}]},"1":{"loc":{"start":{"line":13,"column":27},"end":{"line":13,"column":67}},"type":"binary-expr","locations":[{"start":{"line":13,"column":27},"end":{"line":13,"column":43}},{"start":{"line":13,"column":47},"end":{"line":13,"column":67}}]},"2":{"loc":{"start":{"line":14,"column":31},"end":{"line":14,"column":71}},"type":"binary-expr","locations":[{"start":{"line":14,"column":31},"end":{"line":14,"column":47}},{"start":{"line":14,"column":51},"end":{"line":14,"column":71}}]},"3":{"loc":{"start":{"line":17,"column":4},"end":{"line":17,"column":null}},"type":"if","locations":[{"start":{"line":17,"column":4},"end":{"line":17,"column":null}}]},"4":{"loc":{"start":{"line":18,"column":4},"end":{"line":18,"column":null}},"type":"if","locations":[{"start":{"line":18,"column":4},"end":{"line":18,"column":null}}]},"5":{"loc":{"start":{"line":19,"column":4},"end":{"line":19,"column":null}},"type":"if","locations":[{"start":{"line":19,"column":4},"end":{"line":19,"column":null}}]},"6":{"loc":{"start":{"line":24,"column":4},"end":{"line":24,"column":null}},"type":"if","locations":[{"start":{"line":24,"column":4},"end":{"line":24,"column":null}}]},"7":{"loc":{"start":{"line":25,"column":4},"end":{"line":25,"column":null}},"type":"if","locations":[{"start":{"line":25,"column":4},"end":{"line":25,"column":null}}]},"8":{"loc":{"start":{"line":26,"column":4},"end":{"line":26,"column":null}},"type":"if","locations":[{"start":{"line":26,"column":4},"end":{"line":26,"column":null}}]},"9":{"loc":{"start":{"line":31,"column":26},"end":{"line":31,"column":73}},"type":"cond-expr","locations":[{"start":{"line":31,"column":45},"end":{"line":31,"column":56}},{"start":{"line":31,"column":59},"end":{"line":31,"column":73}}]},"10":{"loc":{"start":{"line":31,"column":97},"end":{"line":31,"column":148}},"type":"cond-expr","locations":[{"start":{"line":31,"column":120},"end":{"line":31,"column":131}},{"start":{"line":31,"column":134},"end":{"line":31,"column":148}}]},"11":{"loc":{"start":{"line":42,"column":7},"end":{"line":46,"column":null}},"type":"binary-expr","locations":[{"start":{"line":42,"column":7},"end":{"line":42,"column":27}},{"start":{"line":42,"column":31},"end":{"line":42,"column":48}},{"start":{"line":43,"column":8},"end":{"line":45,"column":null}}]},"12":{"loc":{"start":{"line":44,"column":11},"end":{"line":44,"column":57}},"type":"binary-expr","locations":[{"start":{"line":44,"column":11},"end":{"line":44,"column":28}},{"start":{"line":44,"column":32},"end":{"line":44,"column":57}}]},"13":{"loc":{"start":{"line":45,"column":11},"end":{"line":45,"column":68}},"type":"binary-expr","locations":[{"start":{"line":45,"column":11},"end":{"line":45,"column":32}},{"start":{"line":45,"column":36},"end":{"line":45,"column":68}}]}},"s":{"0":0,"1":0,"2":0,"3":0,"4":0,"5":0,"6":0,"7":0,"8":0,"9":0,"10":0,"11":0,"12":0,"13":0,"14":0,"15":0,"16":0,"17":0,"18":0,"19":0,"20":0,"21":0,"22":0,"23":0,"24":0},"f":{"0":0,"1":0,"2":0,"3":0},"b":{"0":[0,0],"1":[0,0],"2":[0,0],"3":[0],"4":[0],"5":[0],"6":[0],"7":[0],"8":[0],"9":[0,0],"10":[0,0],"11":[0,0,0],"12":[0,0],"13":[0,0]}}
,"/home/ubuntu/devintrade/trading-dashboard/src/components/ErrorBoundary.tsx": {"path":"/home/ubuntu/devintrade/trading-dashboard/src/components/ErrorBoundary.tsx","statementMap":{"0":{"start":{"line":1,"column":0},"end":{"line":1,"column":55}},"1":{"start":{"line":2,"column":0},"end":{"line":2,"column":45}},"2":{"start":{"line":14,"column":9},"end":{"line":16,"column":null}},"3":{"start":{"line":19,"column":4},"end":{"line":19,"column":null}},"4":{"start":{"line":23,"column":4},"end":{"line":23,"column":null}},"5":{"start":{"line":24,"column":4},"end":{"line":24,"column":null}},"6":{"start":{"line":28,"column":4},"end":{"line":51,"column":5}},"7":{"start":{"line":29,"column":6},"end":{"line":50,"column":null}},"8":{"start":{"line":41,"column":31},"end":{"line":41,"column":55}},"9":{"start":{"line":53,"column":4},"end":{"line":53,"column":null}},"10":{"start":{"line":13,"column":0},"end":{"line":13,"column":13}}},"fnMap":{"0":{"name":"(anonymous_0)","decl":{"start":{"line":13,"column":0},"end":{"line":13,"column":13}},"loc":{"start":{"line":13,"column":0},"end":{"line":55,"column":1}}},"1":{"name":"(anonymous_1)","decl":{"start":{"line":18,"column":9},"end":{"line":18,"column":15}},"loc":{"start":{"line":18,"column":53},"end":{"line":20,"column":3}}},"2":{"name":"(anonymous_2)","decl":{"start":{"line":22,"column":9},"end":{"line":22,"column":26}},"loc":{"start":{"line":22,"column":61},"end":{"line":25,"column":3}}},"3":{"name":"(anonymous_3)","decl":{"start":{"line":27,"column":9},"end":{"line":27,"column":15}},"loc":{"start":{"line":27,"column":15},"end":{"line":54,"column":3}}},"4":{"name":"(anonymous_4)","decl":{"start":{"line":41,"column":25},"end":{"line":41,"column":28}},"loc":{"start":{"line":41,"column":31},"end":{"line":41,"column":55}}}},"branchMap":{"0":{"loc":{"start":{"line":28,"column":4},"end":{"line":51,"column":5}},"type":"if","locations":[{"start":{"line":28,"column":4},"end":{"line":51,"column":5}}]},"1":{"loc":{"start":{"line":38,"column":17},"end":{"line":38,"column":77}},"type":"binary-expr","locations":[{"start":{"line":38,"column":17},"end":{"line":38,"column":42}},{"start":{"line":38,"column":46},"end":{"line":38,"column":77}}]}},"s":{"0":1,"1":1,"2":19,"3":2,"4":1,"5":1,"6":51,"7":3,"8":0,"9":48,"10":1},"f":{"0":20,"1":2,"2":1,"3":51,"4":0},"b":{"0":[3],"1":[3,0]}}
,"/home/ubuntu/devintrade/trading-dashboard/src/components/TradingDashboard.tsx": {"path":"/home/ubuntu/devintrade/trading-dashboard/src/components/TradingDashboard.tsx","statementMap":{"0":{"start":{"line":1,"column":0},"end":{"line":1,"column":78}},"1":{"start":{"line":2,"column":0},"end":{"line":2,"column":68}},"2":{"start":{"line":3,"column":0},"end":{"line":3,"column":68}},"3":{"start":{"line":4,"column":0},"end":{"line":4,"column":101}},"4":{"start":{"line":5,"column":0},"end":{"line":5,"column":53}},"5":{"start":{"line":7,"column":0},"end":{"line":7,"column":53}},"6":{"start":{"line":8,"column":0},"end":{"line":8,"column":47}},"7":{"start":{"line":9,"column":0},"end":{"line":9,"column":27}},"8":{"start":{"line":20,"column":23},"end":{"line":21,"column":86}},"9":{"start":{"line":21,"column":2},"end":{"line":21,"column":86}},"10":{"start":{"line":23,"column":24},"end":{"line":24,"column":38}},"11":{"start":{"line":24,"column":2},"end":{"line":24,"column":38}},"12":{"start":{"line":26,"column":13},"end":{"line":736,"column":null}},"13":{"start":{"line":34,"column":42},"end":{"line":34,"column":79}},"14":{"start":{"line":35,"column":36},"end":{"line":35,"column":73}},"15":{"start":{"line":36,"column":46},"end":{"line":36,"column":61}},"16":{"start":{"line":37,"column":54},"end":{"line":37,"column":69}},"17":{"start":{"line":38,"column":38},"end":{"line":38,"column":49}},"18":{"start":{"line":39,"column":58},"end":{"line":39,"column":73}},"19":{"start":{"line":40,"column":42},"end":{"line":40,"column":53}},"20":{"start":{"line":41,"column":22},"end":{"line":41,"column":23}},"21":{"start":{"line":42,"column":24},"end":{"line":42,"column":26}},"22":{"start":{"line":45,"column":4},"end":{"line":45,"column":148}},"23":{"start":{"line":47,"column":4},"end":{"line":47,"column":84}},"24":{"start":{"line":49,"column":2},"end":{"line":54,"column":null}},"25":{"start":{"line":50,"column":4},"end":{"line":53,"column":null}},"26":{"start":{"line":51,"column":6},"end":{"line":51,"column":null}},"27":{"start":{"line":52,"column":6},"end":{"line":52,"column":null}},"28":{"start":{"line":56,"column":2},"end":{"line":89,"column":null}},"29":{"start":{"line":58,"column":21},"end":{"line":58,"column":95}},"30":{"start":{"line":60,"column":4},"end":{"line":64,"column":5}},"31":{"start":{"line":61,"column":6},"end":{"line":61,"column":null}},"32":{"start":{"line":62,"column":6},"end":{"line":62,"column":null}},"33":{"start":{"line":63,"column":6},"end":{"line":63,"column":12}},"34":{"start":{"line":66,"column":4},"end":{"line":66,"column":null}},"35":{"start":{"line":67,"column":4},"end":{"line":67,"column":null}},"36":{"start":{"line":69,"column":4},"end":{"line":84,"column":5}},"37":{"start":{"line":70,"column":6},"end":{"line":79,"column":7}},"38":{"start":{"line":71,"column":8},"end":{"line":71,"column":null}},"39":{"start":{"line":72,"column":8},"end":{"line":74,"column":null}},"40":{"start":{"line":73,"column":10},"end":{"line":73,"column":null}},"41":{"start":{"line":75,"column":13},"end":{"line":79,"column":7}},"42":{"start":{"line":76,"column":8},"end":{"line":78,"column":null}},"43":{"start":{"line":77,"column":10},"end":{"line":77,"column":null}},"44":{"start":{"line":77,"column":32},"end":{"line":77,"column":40}},"45":{"start":{"line":81,"column":6},"end":{"line":81,"column":null}},"46":{"start":{"line":82,"column":6},"end":{"line":82,"column":null}},"47":{"start":{"line":83,"column":6},"end":{"line":83,"column":null}},"48":{"start":{"line":86,"column":4},"end":{"line":88,"column":null}},"49":{"start":{"line":87,"column":6},"end":{"line":87,"column":null}},"50":{"start":{"line":87,"column":21},"end":{"line":87,"column":null}},"51":{"start":{"line":91,"column":2},"end":{"line":104,"column":null}},"52":{"start":{"line":94,"column":4},"end":{"line":99,"column":5}},"53":{"start":{"line":95,"column":6},"end":{"line":95,"column":null}},"54":{"start":{"line":97,"column":6},"end":{"line":97,"column":null}},"55":{"start":{"line":98,"column":6},"end":{"line":98,"column":null}},"56":{"start":{"line":98,"column":31},"end":{"line":98,"column":55}},"57":{"start":{"line":101,"column":4},"end":{"line":103,"column":null}},"58":{"start":{"line":102,"column":6},"end":{"line":102,"column":null}},"59":{"start":{"line":102,"column":17},"end":{"line":102,"column":null}},"60":{"start":{"line":106,"column":2},"end":{"line":131,"column":null}},"61":{"start":{"line":108,"column":29},"end":{"line":108,"column":69}},"62":{"start":{"line":110,"column":4},"end":{"line":110,"column":null}},"63":{"start":{"line":112,"column":4},"end":{"line":115,"column":5}},"64":{"start":{"line":113,"column":20},"end":{"line":113,"column":48}},"65":{"start":{"line":114,"column":6},"end":{"line":114,"column":null}},"66":{"start":{"line":114,"column":17},"end":{"line":114,"column":null}},"67":{"start":{"line":117,"column":4},"end":{"line":122,"column":5}},"68":{"start":{"line":118,"column":6},"end":{"line":118,"column":null}},"69":{"start":{"line":120,"column":6},"end":{"line":120,"column":null}},"70":{"start":{"line":121,"column":6},"end":{"line":121,"column":null}},"71":{"start":{"line":121,"column":31},"end":{"line":121,"column":59}},"72":{"start":{"line":124,"column":4},"end":{"line":130,"column":null}},"73":{"start":{"line":125,"column":6},"end":{"line":125,"column":null}},"74":{"start":{"line":125,"column":17},"end":{"line":125,"column":null}},"75":{"start":{"line":126,"column":6},"end":{"line":126,"column":null}},"76":{"start":{"line":127,"column":6},"end":{"line":127,"column":null}},"77":{"start":{"line":128,"column":6},"end":{"line":128,"column":null}},"78":{"start":{"line":129,"column":6},"end":{"line":129,"column":null}},"79":{"start":{"line":133,"column":32},"end":{"line":136,"column":25}},"80":{"start":{"line":134,"column":4},"end":{"line":134,"column":null}},"81":{"start":{"line":135,"column":4},"end":{"line":135,"column":null}},"82":{"start":{"line":138,"column":29},"end":{"line":141,"column":22}},"83":{"start":{"line":139,"column":4},"end":{"line":139,"column":null}},"84":{"start":{"line":140,"column":4},"end":{"line":140,"column":null}},"85":{"start":{"line":143,"column":22},"end":{"line":161,"column":117}},"86":{"start":{"line":144,"column":4},"end":{"line":160,"column":5}},"87":{"start":{"line":145,"column":6},"end":{"line":153,"column":null}},"88":{"start":{"line":146,"column":25},"end":{"line":146,"column":33}},"89":{"start":{"line":147,"column":8},"end":{"line":151,"column":9}},"90":{"start":{"line":148,"column":10},"end":{"line":148,"column":null}},"91":{"start":{"line":149,"column":10},"end":{"line":149,"column":null}},"92":{"start":{"line":150,"column":10},"end":{"line":150,"column":null}},"93":{"start":{"line":152,"column":8},"end":{"line":152,"column":null}},"94":{"start":{"line":155,"column":6},"end":{"line":155,"column":null}},"95":{"start":{"line":156,"column":6},"end":{"line":156,"column":null}},"96":{"start":{"line":158,"column":6},"end":{"line":158,"column":null}},"97":{"start":{"line":158,"column":27},"end":{"line":158,"column":null}},"98":{"start":{"line":159,"column":6},"end":{"line":159,"column":null}},"99":{"start":{"line":159,"column":31},"end":{"line":159,"column":null}},"100":{"start":{"line":163,"column":2},"end":{"line":178,"column":null}},"101":{"start":{"line":165,"column":4},"end":{"line":174,"column":5}},"102":{"start":{"line":166,"column":6},"end":{"line":173,"column":null}},"103":{"start":{"line":167,"column":8},"end":{"line":172,"column":null}},"104":{"start":{"line":168,"column":10},"end":{"line":170,"column":11}},"105":{"start":{"line":169,"column":12},"end":{"line":169,"column":null}},"106":{"start":{"line":171,"column":10},"end":{"line":171,"column":null}},"107":{"start":{"line":175,"column":4},"end":{"line":177,"column":null}},"108":{"start":{"line":176,"column":6},"end":{"line":176,"column":null}},"109":{"start":{"line":176,"column":17},"end":{"line":176,"column":null}},"110":{"start":{"line":180,"column":19},"end":{"line":180,"column":47}},"111":{"start":{"line":181,"column":16},"end":{"line":181,"column":44}},"112":{"start":{"line":182,"column":28},"end":{"line":182,"column":70}},"113":{"start":{"line":183,"column":30},"end":{"line":183,"column":120}},"114":{"start":{"line":185,"column":22},"end":{"line":190,"column":75}},"115":{"start":{"line":186,"column":4},"end":{"line":186,"column":null}},"116":{"start":{"line":186,"column":39},"end":{"line":186,"column":null}},"117":{"start":{"line":187,"column":4},"end":{"line":187,"column":null}},"118":{"start":{"line":187,"column":52},"end":{"line":187,"column":null}},"119":{"start":{"line":188,"column":4},"end":{"line":188,"column":null}},"120":{"start":{"line":188,"column":52},"end":{"line":188,"column":null}},"121":{"start":{"line":189,"column":4},"end":{"line":189,"column":null}},"122":{"start":{"line":192,"column":21},"end":{"line":195,"column":34}},"123":{"start":{"line":197,"column":26},"end":{"line":211,"column":3}},"124":{"start":{"line":198,"column":4},"end":{"line":200,"column":5}},"125":{"start":{"line":199,"column":6},"end":{"line":199,"column":null}},"126":{"start":{"line":202,"column":4},"end":{"line":204,"column":5}},"127":{"start":{"line":203,"column":6},"end":{"line":203,"column":null}},"128":{"start":{"line":206,"column":4},"end":{"line":208,"column":5}},"129":{"start":{"line":207,"column":6},"end":{"line":207,"column":null}},"130":{"start":{"line":210,"column":4},"end":{"line":210,"column":null}},"131":{"start":{"line":213,"column":22},"end":{"line":261,"column":3}},"132":{"start":{"line":214,"column":4},"end":{"line":214,"column":null}},"133":{"start":{"line":214,"column":19},"end":{"line":214,"column":null}},"134":{"start":{"line":216,"column":4},"end":{"line":260,"column":null}},"135":{"start":{"line":227,"column":18},"end":{"line":227,"column":31}},"136":{"start":{"line":246,"column":24},"end":{"line":246,"column":null}},"137":{"start":{"line":247,"column":24},"end":{"line":247,"column":null}},"138":{"start":{"line":248,"column":24},"end":{"line":248,"column":null}},"139":{"start":{"line":265,"column":20},"end":{"line":265,"column":197}},"140":{"start":{"line":266,"column":25},"end":{"line":271,"column":92}},"141":{"start":{"line":273,"column":24},"end":{"line":289,"column":3}},"142":{"start":{"line":274,"column":4},"end":{"line":274,"column":null}},"143":{"start":{"line":274,"column":39},"end":{"line":274,"column":null}},"144":{"start":{"line":276,"column":4},"end":{"line":288,"column":null}},"145":{"start":{"line":291,"column":24},"end":{"line":490,"column":3}},"146":{"start":{"line":292,"column":4},"end":{"line":292,"column":null}},"147":{"start":{"line":292,"column":43},"end":{"line":292,"column":null}},"148":{"start":{"line":294,"column":4},"end":{"line":489,"column":null}},"149":{"start":{"line":300,"column":69},"end":{"line":300,"column":118}},"150":{"start":{"line":306,"column":16},"end":{"line":306,"column":37}},"151":{"start":{"line":311,"column":69},"end":{"line":311,"column":119}},"152":{"start":{"line":317,"column":16},"end":{"line":317,"column":36}},"153":{"start":{"line":352,"column":48},"end":{"line":352,"column":69}},"154":{"start":{"line":416,"column":77},"end":{"line":416,"column":112}},"155":{"start":{"line":444,"column":55},"end":{"line":444,"column":64}},"156":{"start":{"line":459,"column":63},"end":{"line":459,"column":129}},"157":{"start":{"line":479,"column":74},"end":{"line":479,"column":83}},"158":{"start":{"line":492,"column":28},"end":{"line":495,"column":31}},"159":{"start":{"line":493,"column":4},"end":{"line":493,"column":null}},"160":{"start":{"line":493,"column":49},"end":{"line":493,"column":null}},"161":{"start":{"line":494,"column":4},"end":{"line":494,"column":null}},"162":{"start":{"line":494,"column":70},"end":{"line":494,"column":95}},"163":{"start":{"line":503,"column":16},"end":{"line":521,"column":25}},"164":{"start":{"line":504,"column":22},"end":{"line":504,"column":26}},"165":{"start":{"line":505,"column":4},"end":{"line":507,"column":5}},"166":{"start":{"line":506,"column":6},"end":{"line":506,"column":null}},"167":{"start":{"line":509,"column":23},"end":{"line":510,"column":53}},"168":{"start":{"line":510,"column":6},"end":{"line":510,"column":41}},"169":{"start":{"line":511,"column":21},"end":{"line":512,"column":64}},"170":{"start":{"line":512,"column":6},"end":{"line":512,"column":60}},"171":{"start":{"line":513,"column":25},"end":{"line":513,"column":46}},"172":{"start":{"line":514,"column":29},"end":{"line":514,"column":83}},"173":{"start":{"line":516,"column":4},"end":{"line":520,"column":null}},"174":{"start":{"line":523,"column":65},"end":{"line":523,"column":76}},"175":{"start":{"line":525,"column":2},"end":{"line":735,"column":null}},"176":{"start":{"line":557,"column":68},"end":{"line":557,"column":77}},"177":{"start":{"line":589,"column":81},"end":{"line":589,"column":130}},"178":{"start":{"line":594,"column":28},"end":{"line":594,"column":49}},"179":{"start":{"line":616,"column":24},"end":{"line":617,"column":null}},"180":{"start":{"line":618,"column":41},"end":{"line":618,"column":69}},"181":{"start":{"line":660,"column":56},"end":{"line":660,"column":77}},"182":{"start":{"line":686,"column":73},"end":{"line":686,"column":122}},"183":{"start":{"line":692,"column":20},"end":{"line":692,"column":41}},"184":{"start":{"line":703,"column":20},"end":{"line":703,"column":48}}},"fnMap":{"0":{"name":"(anonymous_6)","decl":{"start":{"line":20,"column":23},"end":{"line":20,"column":24}},"loc":{"start":{"line":21,"column":2},"end":{"line":21,"column":86}}},"1":{"name":"(anonymous_7)","decl":{"start":{"line":23,"column":24},"end":{"line":23,"column":25}},"loc":{"start":{"line":24,"column":2},"end":{"line":24,"column":38}}},"2":{"name":"(anonymous_8)","decl":{"start":{"line":26,"column":70},"end":{"line":26,"column":71}},"loc":{"start":{"line":33,"column":5},"end":{"line":736,"column":1}}},"3":{"name":"(anonymous_9)","decl":{"start":{"line":49,"column":12},"end":{"line":49,"column":15}},"loc":{"start":{"line":49,"column":17},"end":{"line":54,"column":3}}},"4":{"name":"(anonymous_10)","decl":{"start":{"line":50,"column":11},"end":{"line":50,"column":14}},"loc":{"start":{"line":50,"column":16},"end":{"line":53,"column":5}}},"5":{"name":"(anonymous_11)","decl":{"start":{"line":56,"column":12},"end":{"line":56,"column":15}},"loc":{"start":{"line":56,"column":17},"end":{"line":89,"column":3}}},"6":{"name":"(anonymous_12)","decl":{"start":{"line":72,"column":31},"end":{"line":72,"column":34}},"loc":{"start":{"line":72,"column":36},"end":{"line":74,"column":9}}},"7":{"name":"(anonymous_13)","decl":{"start":{"line":76,"column":31},"end":{"line":76,"column":34}},"loc":{"start":{"line":76,"column":36},"end":{"line":78,"column":9}}},"8":{"name":"(anonymous_14)","decl":{"start":{"line":77,"column":24},"end":{"line":77,"column":28}},"loc":{"start":{"line":77,"column":32},"end":{"line":77,"column":40}}},"9":{"name":"(anonymous_15)","decl":{"start":{"line":86,"column":11},"end":{"line":86,"column":14}},"loc":{"start":{"line":86,"column":16},"end":{"line":88,"column":5}}},"10":{"name":"(anonymous_16)","decl":{"start":{"line":91,"column":12},"end":{"line":91,"column":15}},"loc":{"start":{"line":91,"column":17},"end":{"line":104,"column":3}}},"11":{"name":"(anonymous_17)","decl":{"start":{"line":98,"column":25},"end":{"line":98,"column":28}},"loc":{"start":{"line":98,"column":31},"end":{"line":98,"column":55}}},"12":{"name":"(anonymous_18)","decl":{"start":{"line":101,"column":11},"end":{"line":101,"column":14}},"loc":{"start":{"line":101,"column":16},"end":{"line":103,"column":5}}},"13":{"name":"(anonymous_19)","decl":{"start":{"line":106,"column":12},"end":{"line":106,"column":15}},"loc":{"start":{"line":106,"column":17},"end":{"line":131,"column":3}}},"14":{"name":"(anonymous_20)","decl":{"start":{"line":121,"column":25},"end":{"line":121,"column":28}},"loc":{"start":{"line":121,"column":31},"end":{"line":121,"column":59}}},"15":{"name":"(anonymous_21)","decl":{"start":{"line":124,"column":11},"end":{"line":124,"column":14}},"loc":{"start":{"line":124,"column":16},"end":{"line":130,"column":5}}},"16":{"name":"(anonymous_22)","decl":{"start":{"line":133,"column":44},"end":{"line":133,"column":45}},"loc":{"start":{"line":133,"column":71},"end":{"line":136,"column":3}}},"17":{"name":"(anonymous_23)","decl":{"start":{"line":138,"column":41},"end":{"line":138,"column":42}},"loc":{"start":{"line":138,"column":71},"end":{"line":141,"column":3}}},"18":{"name":"(anonymous_24)","decl":{"start":{"line":143,"column":34},"end":{"line":143,"column":37}},"loc":{"start":{"line":143,"column":39},"end":{"line":161,"column":3}}},"19":{"name":"(anonymous_25)","decl":{"start":{"line":145,"column":20},"end":{"line":145,"column":24}},"loc":{"start":{"line":145,"column":27},"end":{"line":153,"column":7}}},"20":{"name":"(anonymous_26)","decl":{"start":{"line":163,"column":12},"end":{"line":163,"column":15}},"loc":{"start":{"line":163,"column":17},"end":{"line":178,"column":3}}},"21":{"name":"(anonymous_27)","decl":{"start":{"line":166,"column":26},"end":{"line":166,"column":29}},"loc":{"start":{"line":166,"column":31},"end":{"line":173,"column":7}}},"22":{"name":"(anonymous_28)","decl":{"start":{"line":167,"column":24},"end":{"line":167,"column":25}},"loc":{"start":{"line":167,"column":28},"end":{"line":172,"column":9}}},"23":{"name":"(anonymous_29)","decl":{"start":{"line":175,"column":11},"end":{"line":175,"column":14}},"loc":{"start":{"line":175,"column":16},"end":{"line":177,"column":5}}},"24":{"name":"(anonymous_30)","decl":{"start":{"line":185,"column":30},"end":{"line":185,"column":33}},"loc":{"start":{"line":185,"column":35},"end":{"line":190,"column":3}}},"25":{"name":"(anonymous_31)","decl":{"start":{"line":197,"column":26},"end":{"line":197,"column":29}},"loc":{"start":{"line":197,"column":31},"end":{"line":211,"column":3}}},"26":{"name":"(anonymous_32)","decl":{"start":{"line":213,"column":22},"end":{"line":213,"column":25}},"loc":{"start":{"line":213,"column":27},"end":{"line":261,"column":3}}},"27":{"name":"(anonymous_33)","decl":{"start":{"line":226,"column":51},"end":{"line":226,"column":52}},"loc":{"start":{"line":227,"column":18},"end":{"line":227,"column":31}}},"28":{"name":"(anonymous_34)","decl":{"start":{"line":245,"column":31},"end":{"line":245,"column":34}},"loc":{"start":{"line":245,"column":36},"end":{"line":249,"column":23}}},"29":{"name":"(anonymous_35)","decl":{"start":{"line":273,"column":24},"end":{"line":273,"column":27}},"loc":{"start":{"line":273,"column":29},"end":{"line":289,"column":3}}},"30":{"name":"(anonymous_36)","decl":{"start":{"line":291,"column":24},"end":{"line":291,"column":27}},"loc":{"start":{"line":291,"column":29},"end":{"line":490,"column":3}}},"31":{"name":"(anonymous_37)","decl":{"start":{"line":300,"column":24},"end":{"line":300,"column":25}},"loc":{"start":{"line":300,"column":69},"end":{"line":300,"column":118}}},"32":{"name":"(anonymous_38)","decl":{"start":{"line":305,"column":33},"end":{"line":305,"column":34}},"loc":{"start":{"line":306,"column":16},"end":{"line":306,"column":37}}},"33":{"name":"(anonymous_39)","decl":{"start":{"line":311,"column":24},"end":{"line":311,"column":25}},"loc":{"start":{"line":311,"column":69},"end":{"line":311,"column":119}}},"34":{"name":"(anonymous_40)","decl":{"start":{"line":316,"column":31},"end":{"line":316,"column":32}},"loc":{"start":{"line":317,"column":16},"end":{"line":317,"column":36}}},"35":{"name":"(anonymous_41)","decl":{"start":{"line":352,"column":37},"end":{"line":352,"column":38}},"loc":{"start":{"line":352,"column":48},"end":{"line":352,"column":69}}},"36":{"name":"(anonymous_42)","decl":{"start":{"line":416,"column":63},"end":{"line":416,"column":64}},"loc":{"start":{"line":416,"column":77},"end":{"line":416,"column":112}}},"37":{"name":"(anonymous_43)","decl":{"start":{"line":444,"column":50},"end":{"line":444,"column":51}},"loc":{"start":{"line":444,"column":55},"end":{"line":444,"column":64}}},"38":{"name":"(anonymous_44)","decl":{"start":{"line":459,"column":49},"end":{"line":459,"column":50}},"loc":{"start":{"line":459,"column":63},"end":{"line":459,"column":129}}},"39":{"name":"(anonymous_45)","decl":{"start":{"line":479,"column":69},"end":{"line":479,"column":70}},"loc":{"start":{"line":479,"column":74},"end":{"line":479,"column":83}}},"40":{"name":"(anonymous_46)","decl":{"start":{"line":492,"column":36},"end":{"line":492,"column":39}},"loc":{"start":{"line":492,"column":41},"end":{"line":495,"column":3}}},"41":{"name":"(anonymous_47)","decl":{"start":{"line":494,"column":65},"end":{"line":494,"column":66}},"loc":{"start":{"line":494,"column":70},"end":{"line":494,"column":95}}},"42":{"name":"(anonymous_48)","decl":{"start":{"line":503,"column":31},"end":{"line":503,"column":34}},"loc":{"start":{"line":503,"column":36},"end":{"line":521,"column":3}}},"43":{"name":"(anonymous_49)","decl":{"start":{"line":509,"column":48},"end":{"line":509,"column":49}},"loc":{"start":{"line":510,"column":6},"end":{"line":510,"column":41}}},"44":{"name":"(anonymous_50)","decl":{"start":{"line":511,"column":46},"end":{"line":511,"column":47}},"loc":{"start":{"line":512,"column":6},"end":{"line":512,"column":60}}},"45":{"name":"(anonymous_51)","decl":{"start":{"line":557,"column":63},"end":{"line":557,"column":64}},"loc":{"start":{"line":557,"column":68},"end":{"line":557,"column":77}}},"46":{"name":"(anonymous_52)","decl":{"start":{"line":589,"column":36},"end":{"line":589,"column":37}},"loc":{"start":{"line":589,"column":81},"end":{"line":589,"column":130}}},"47":{"name":"(anonymous_53)","decl":{"start":{"line":593,"column":45},"end":{"line":593,"column":51}},"loc":{"start":{"line":594,"column":28},"end":{"line":594,"column":49}}},"48":{"name":"(anonymous_54)","decl":{"start":{"line":615,"column":65},"end":{"line":615,"column":66}},"loc":{"start":{"line":616,"column":24},"end":{"line":617,"column":null}}},"49":{"name":"(anonymous_55)","decl":{"start":{"line":618,"column":35},"end":{"line":618,"column":38}},"loc":{"start":{"line":618,"column":41},"end":{"line":618,"column":69}}},"50":{"name":"(anonymous_56)","decl":{"start":{"line":660,"column":37},"end":{"line":660,"column":38}},"loc":{"start":{"line":660,"column":56},"end":{"line":660,"column":77}}},"51":{"name":"(anonymous_57)","decl":{"start":{"line":686,"column":28},"end":{"line":686,"column":29}},"loc":{"start":{"line":686,"column":73},"end":{"line":686,"column":122}}},"52":{"name":"(anonymous_58)","decl":{"start":{"line":691,"column":37},"end":{"line":691,"column":43}},"loc":{"start":{"line":692,"column":20},"end":{"line":692,"column":41}}},"53":{"name":"(anonymous_59)","decl":{"start":{"line":702,"column":45},"end":{"line":702,"column":46}},"loc":{"start":{"line":703,"column":20},"end":{"line":703,"column":48}}}},"branchMap":{"0":{"loc":{"start":{"line":27,"column":2},"end":{"line":27,"column":34}},"type":"default-arg","locations":[{"start":{"line":27,"column":18},"end":{"line":27,"column":34}}]},"1":{"loc":{"start":{"line":28,"column":2},"end":{"line":28,"column":26}},"type":"default-arg","locations":[{"start":{"line":28,"column":21},"end":{"line":28,"column":26}}]},"2":{"loc":{"start":{"line":58,"column":21},"end":{"line":58,"column":95}},"type":"binary-expr","locations":[{"start":{"line":58,"column":21},"end":{"line":58,"column":31}},{"start":{"line":58,"column":35},"end":{"line":58,"column":49}},{"start":{"line":58,"column":53},"end":{"line":58,"column":70}},{"start":{"line":58,"column":74},"end":{"line":58,"column":95}}]},"3":{"loc":{"start":{"line":60,"column":4},"end":{"line":64,"column":5}},"type":"if","locations":[{"start":{"line":60,"column":4},"end":{"line":64,"column":5}}]},"4":{"loc":{"start":{"line":69,"column":4},"end":{"line":84,"column":5}},"type":"if","locations":[{"start":{"line":69,"column":4},"end":{"line":84,"column":5}},{"start":{"line":80,"column":11},"end":{"line":84,"column":5}}]},"5":{"loc":{"start":{"line":70,"column":6},"end":{"line":79,"column":7}},"type":"if","locations":[{"start":{"line":70,"column":6},"end":{"line":79,"column":7}},{"start":{"line":75,"column":13},"end":{"line":79,"column":7}}]},"6":{"loc":{"start":{"line":70,"column":10},"end":{"line":70,"column":60}},"type":"binary-expr","locations":[{"start":{"line":70,"column":10},"end":{"line":70,"column":35}},{"start":{"line":70,"column":39},"end":{"line":70,"column":60}}]},"7":{"loc":{"start":{"line":75,"column":13},"end":{"line":79,"column":7}},"type":"if","locations":[{"start":{"line":75,"column":13},"end":{"line":79,"column":7}}]},"8":{"loc":{"start":{"line":87,"column":6},"end":{"line":87,"column":null}},"type":"if","locations":[{"start":{"line":87,"column":6},"end":{"line":87,"column":null}}]},"9":{"loc":{"start":{"line":94,"column":4},"end":{"line":99,"column":5}},"type":"if","locations":[{"start":{"line":94,"column":4},"end":{"line":99,"column":5}},{"start":{"line":96,"column":11},"end":{"line":99,"column":5}}]},"10":{"loc":{"start":{"line":94,"column":8},"end":{"line":94,"column":82}},"type":"binary-expr","locations":[{"start":{"line":94,"column":8},"end":{"line":94,"column":25}},{"start":{"line":94,"column":29},"end":{"line":94,"column":50}},{"start":{"line":94,"column":54},"end":{"line":94,"column":64}},{"start":{"line":94,"column":68},"end":{"line":94,"column":82}}]},"11":{"loc":{"start":{"line":102,"column":6},"end":{"line":102,"column":null}},"type":"if","locations":[{"start":{"line":102,"column":6},"end":{"line":102,"column":null}}]},"12":{"loc":{"start":{"line":108,"column":29},"end":{"line":108,"column":69}},"type":"binary-expr","locations":[{"start":{"line":108,"column":29},"end":{"line":108,"column":45}},{"start":{"line":108,"column":49},"end":{"line":108,"column":69}}]},"13":{"loc":{"start":{"line":112,"column":4},"end":{"line":115,"column":5}},"type":"if","locations":[{"start":{"line":112,"column":4},"end":{"line":115,"column":5}}]},"14":{"loc":{"start":{"line":112,"column":8},"end":{"line":112,"column":36}},"type":"binary-expr","locations":[{"start":{"line":112,"column":8},"end":{"line":112,"column":18}},{"start":{"line":112,"column":22},"end":{"line":112,"column":36}}]},"15":{"loc":{"start":{"line":113,"column":20},"end":{"line":113,"column":48}},"type":"binary-expr","locations":[{"start":{"line":113,"column":20},"end":{"line":113,"column":30}},{"start":{"line":113,"column":34},"end":{"line":113,"column":48}}]},"16":{"loc":{"start":{"line":114,"column":6},"end":{"line":114,"column":null}},"type":"if","locations":[{"start":{"line":114,"column":6},"end":{"line":114,"column":null}}]},"17":{"loc":{"start":{"line":117,"column":4},"end":{"line":122,"column":5}},"type":"if","locations":[{"start":{"line":117,"column":4},"end":{"line":122,"column":5}},{"start":{"line":119,"column":11},"end":{"line":122,"column":5}}]},"18":{"loc":{"start":{"line":117,"column":8},"end":{"line":117,"column":57}},"type":"binary-expr","locations":[{"start":{"line":117,"column":8},"end":{"line":117,"column":25}},{"start":{"line":117,"column":29},"end":{"line":117,"column":39}},{"start":{"line":117,"column":43},"end":{"line":117,"column":57}}]},"19":{"loc":{"start":{"line":125,"column":6},"end":{"line":125,"column":null}},"type":"if","locations":[{"start":{"line":125,"column":6},"end":{"line":125,"column":null}}]},"20":{"loc":{"start":{"line":144,"column":4},"end":{"line":160,"column":5}},"type":"if","locations":[{"start":{"line":144,"column":4},"end":{"line":160,"column":5}}]},"21":{"loc":{"start":{"line":144,"column":8},"end":{"line":144,"column":51}},"type":"binary-expr","locations":[{"start":{"line":144,"column":8},"end":{"line":144,"column":29}},{"start":{"line":144,"column":33},"end":{"line":144,"column":51}}]},"22":{"loc":{"start":{"line":147,"column":8},"end":{"line":151,"column":9}},"type":"if","locations":[{"start":{"line":147,"column":8},"end":{"line":151,"column":9}}]},"23":{"loc":{"start":{"line":158,"column":6},"end":{"line":158,"column":null}},"type":"if","locations":[{"start":{"line":158,"column":6},"end":{"line":158,"column":null}}]},"24":{"loc":{"start":{"line":159,"column":6},"end":{"line":159,"column":null}},"type":"if","locations":[{"start":{"line":159,"column":6},"end":{"line":159,"column":null}}]},"25":{"loc":{"start":{"line":165,"column":4},"end":{"line":174,"column":5}},"type":"if","locations":[{"start":{"line":165,"column":4},"end":{"line":174,"column":5}}]},"26":{"loc":{"start":{"line":168,"column":10},"end":{"line":170,"column":11}},"type":"if","locations":[{"start":{"line":168,"column":10},"end":{"line":170,"column":11}}]},"27":{"loc":{"start":{"line":176,"column":6},"end":{"line":176,"column":null}},"type":"if","locations":[{"start":{"line":176,"column":6},"end":{"line":176,"column":null}}]},"28":{"loc":{"start":{"line":180,"column":19},"end":{"line":180,"column":47}},"type":"binary-expr","locations":[{"start":{"line":180,"column":19},"end":{"line":180,"column":29}},{"start":{"line":180,"column":33},"end":{"line":180,"column":47}}]},"29":{"loc":{"start":{"line":181,"column":16},"end":{"line":181,"column":44}},"type":"binary-expr","locations":[{"start":{"line":181,"column":16},"end":{"line":181,"column":26}},{"start":{"line":181,"column":30},"end":{"line":181,"column":44}}]},"30":{"loc":{"start":{"line":182,"column":28},"end":{"line":182,"column":70}},"type":"binary-expr","locations":[{"start":{"line":182,"column":28},"end":{"line":182,"column":45}},{"start":{"line":182,"column":49},"end":{"line":182,"column":70}}]},"31":{"loc":{"start":{"line":183,"column":30},"end":{"line":183,"column":120}},"type":"binary-expr","locations":[{"start":{"line":183,"column":31},"end":{"line":183,"column":47}},{"start":{"line":183,"column":51},"end":{"line":183,"column":72}},{"start":{"line":183,"column":78},"end":{"line":183,"column":95}},{"start":{"line":183,"column":99},"end":{"line":183,"column":119}}]},"32":{"loc":{"start":{"line":186,"column":4},"end":{"line":186,"column":null}},"type":"if","locations":[{"start":{"line":186,"column":4},"end":{"line":186,"column":null}}]},"33":{"loc":{"start":{"line":186,"column":8},"end":{"line":186,"column":37}},"type":"binary-expr","locations":[{"start":{"line":186,"column":8},"end":{"line":186,"column":28}},{"start":{"line":186,"column":32},"end":{"line":186,"column":37}}]},"34":{"loc":{"start":{"line":187,"column":4},"end":{"line":187,"column":null}},"type":"if","locations":[{"start":{"line":187,"column":4},"end":{"line":187,"column":null}}]},"35":{"loc":{"start":{"line":187,"column":8},"end":{"line":187,"column":50}},"type":"binary-expr","locations":[{"start":{"line":187,"column":8},"end":{"line":187,"column":25}},{"start":{"line":187,"column":29},"end":{"line":187,"column":50}}]},"36":{"loc":{"start":{"line":188,"column":4},"end":{"line":188,"column":null}},"type":"if","locations":[{"start":{"line":188,"column":4},"end":{"line":188,"column":null}}]},"37":{"loc":{"start":{"line":188,"column":8},"end":{"line":188,"column":50}},"type":"binary-expr","locations":[{"start":{"line":188,"column":8},"end":{"line":188,"column":25}},{"start":{"line":188,"column":29},"end":{"line":188,"column":50}}]},"38":{"loc":{"start":{"line":192,"column":21},"end":{"line":195,"column":34}},"type":"cond-expr","locations":[{"start":{"line":192,"column":60},"end":{"line":192,"column":74}},{"start":{"line":193,"column":20},"end":{"line":195,"column":34}}]},"39":{"loc":{"start":{"line":193,"column":20},"end":{"line":195,"column":34}},"type":"cond-expr","locations":[{"start":{"line":193,"column":65},"end":{"line":193,"column":79}},{"start":{"line":194,"column":20},"end":{"line":195,"column":34}}]},"40":{"loc":{"start":{"line":193,"column":20},"end":{"line":193,"column":62}},"type":"binary-expr","locations":[{"start":{"line":193,"column":20},"end":{"line":193,"column":37}},{"start":{"line":193,"column":41},"end":{"line":193,"column":62}}]},"41":{"loc":{"start":{"line":194,"column":20},"end":{"line":195,"column":34}},"type":"cond-expr","locations":[{"start":{"line":194,"column":42},"end":{"line":194,"column":59}},{"start":{"line":195,"column":20},"end":{"line":195,"column":34}}]},"42":{"loc":{"start":{"line":198,"column":4},"end":{"line":200,"column":5}},"type":"if","locations":[{"start":{"line":198,"column":4},"end":{"line":200,"column":5}}]},"43":{"loc":{"start":{"line":202,"column":4},"end":{"line":204,"column":5}},"type":"if","locations":[{"start":{"line":202,"column":4},"end":{"line":204,"column":5}}]},"44":{"loc":{"start":{"line":203,"column":36},"end":{"line":203,"column":114}},"type":"cond-expr","locations":[{"start":{"line":203,"column":60},"end":{"line":203,"column":87}},{"start":{"line":203,"column":90},"end":{"line":203,"column":114}}]},"45":{"loc":{"start":{"line":206,"column":4},"end":{"line":208,"column":5}},"type":"if","locations":[{"start":{"line":206,"column":4},"end":{"line":208,"column":5}}]},"46":{"loc":{"start":{"line":210,"column":32},"end":{"line":210,"column":160}},"type":"cond-expr","locations":[{"start":{"line":210,"column":49},"end":{"line":210,"column":121}},{"start":{"line":210,"column":124},"end":{"line":210,"column":160}}]},"47":{"loc":{"start":{"line":214,"column":4},"end":{"line":214,"column":null}},"type":"if","locations":[{"start":{"line":214,"column":4},"end":{"line":214,"column":null}}]},"48":{"loc":{"start":{"line":227,"column":42},"end":{"line":227,"column":105}},"type":"cond-expr","locations":[{"start":{"line":227,"column":52},"end":{"line":227,"column":54}},{"start":{"line":227,"column":57},"end":{"line":227,"column":105}}]},"49":{"loc":{"start":{"line":237,"column":28},"end":{"line":237,"column":68}},"type":"binary-expr","locations":[{"start":{"line":237,"column":28},"end":{"line":237,"column":44}},{"start":{"line":237,"column":48},"end":{"line":237,"column":68}}]},"50":{"loc":{"start":{"line":239,"column":19},"end":{"line":239,"column":82}},"type":"cond-expr","locations":[{"start":{"line":239,"column":38},"end":{"line":239,"column":68}},{"start":{"line":239,"column":71},"end":{"line":239,"column":82}}]},"51":{"loc":{"start":{"line":241,"column":17},"end":{"line":254,"column":null}},"type":"binary-expr","locations":[{"start":{"line":241,"column":17},"end":{"line":241,"column":37}},{"start":{"line":242,"column":18},"end":{"line":253,"column":null}}]},"52":{"loc":{"start":{"line":265,"column":20},"end":{"line":265,"column":197}},"type":"binary-expr","locations":[{"start":{"line":265,"column":21},"end":{"line":265,"column":34}},{"start":{"line":265,"column":38},"end":{"line":265,"column":47}},{"start":{"line":265,"column":51},"end":{"line":265,"column":72}},{"start":{"line":265,"column":76},"end":{"line":265,"column":87}},{"start":{"line":265,"column":93},"end":{"line":265,"column":103}},{"start":{"line":265,"column":107},"end":{"line":265,"column":116}},{"start":{"line":265,"column":120},"end":{"line":265,"column":141}},{"start":{"line":265,"column":145},"end":{"line":265,"column":156}},{"start":{"line":265,"column":161},"end":{"line":265,"column":175}},{"start":{"line":265,"column":179},"end":{"line":265,"column":197}}]},"53":{"loc":{"start":{"line":266,"column":25},"end":{"line":271,"column":92}},"type":"cond-expr","locations":[{"start":{"line":266,"column":70},"end":{"line":266,"column":104}},{"start":{"line":267,"column":24},"end":{"line":271,"column":92}}]},"54":{"loc":{"start":{"line":266,"column":25},"end":{"line":266,"column":67}},"type":"binary-expr","locations":[{"start":{"line":266,"column":25},"end":{"line":266,"column":42}},{"start":{"line":266,"column":46},"end":{"line":266,"column":67}}]},"55":{"loc":{"start":{"line":267,"column":24},"end":{"line":271,"column":92}},"type":"cond-expr","locations":[{"start":{"line":267,"column":44},"end":{"line":267,"column":73}},{"start":{"line":268,"column":24},"end":{"line":271,"column":92}}]},"56":{"loc":{"start":{"line":268,"column":24},"end":{"line":271,"column":92}},"type":"cond-expr","locations":[{"start":{"line":268,"column":48},"end":{"line":268,"column":70}},{"start":{"line":269,"column":24},"end":{"line":271,"column":92}}]},"57":{"loc":{"start":{"line":269,"column":24},"end":{"line":271,"column":92}},"type":"cond-expr","locations":[{"start":{"line":269,"column":41},"end":{"line":269,"column":66}},{"start":{"line":270,"column":24},"end":{"line":271,"column":92}}]},"58":{"loc":{"start":{"line":270,"column":24},"end":{"line":271,"column":92}},"type":"cond-expr","locations":[{"start":{"line":270,"column":45},"end":{"line":270,"column":67}},{"start":{"line":271,"column":24},"end":{"line":271,"column":92}}]},"59":{"loc":{"start":{"line":271,"column":24},"end":{"line":271,"column":92}},"type":"cond-expr","locations":[{"start":{"line":271,"column":40},"end":{"line":271,"column":65}},{"start":{"line":271,"column":68},"end":{"line":271,"column":92}}]},"60":{"loc":{"start":{"line":274,"column":4},"end":{"line":274,"column":null}},"type":"if","locations":[{"start":{"line":274,"column":4},"end":{"line":274,"column":null}}]},"61":{"loc":{"start":{"line":274,"column":8},"end":{"line":274,"column":37}},"type":"binary-expr","locations":[{"start":{"line":274,"column":8},"end":{"line":274,"column":18}},{"start":{"line":274,"column":22},"end":{"line":274,"column":37}}]},"62":{"loc":{"start":{"line":292,"column":4},"end":{"line":292,"column":null}},"type":"if","locations":[{"start":{"line":292,"column":4},"end":{"line":292,"column":null}}]},"63":{"loc":{"start":{"line":292,"column":8},"end":{"line":292,"column":41}},"type":"binary-expr","locations":[{"start":{"line":292,"column":8},"end":{"line":292,"column":17}},{"start":{"line":292,"column":21},"end":{"line":292,"column":41}}]},"64":{"loc":{"start":{"line":323,"column":29},"end":{"line":323,"column":145}},"type":"cond-expr","locations":[{"start":{"line":323,"column":71},"end":{"line":323,"column":135}},{"start":{"line":323,"column":138},"end":{"line":323,"column":145}}]},"65":{"loc":{"start":{"line":323,"column":29},"end":{"line":323,"column":68}},"type":"binary-expr","locations":[{"start":{"line":323,"column":29},"end":{"line":323,"column":41}},{"start":{"line":323,"column":45},"end":{"line":323,"column":68}}]},"66":{"loc":{"start":{"line":383,"column":23},"end":{"line":383,"column":70}},"type":"cond-expr","locations":[{"start":{"line":383,"column":50},"end":{"line":383,"column":66}},{"start":{"line":383,"column":69},"end":{"line":383,"column":70}}]},"67":{"loc":{"start":{"line":387,"column":21},"end":{"line":387,"column":68}},"type":"cond-expr","locations":[{"start":{"line":387,"column":48},"end":{"line":387,"column":64}},{"start":{"line":387,"column":67},"end":{"line":387,"column":68}}]},"68":{"loc":{"start":{"line":470,"column":26},"end":{"line":470,"column":75}},"type":"cond-expr","locations":[{"start":{"line":470,"column":42},"end":{"line":470,"column":58}},{"start":{"line":470,"column":61},"end":{"line":470,"column":75}}]},"69":{"loc":{"start":{"line":479,"column":25},"end":{"line":479,"column":95}},"type":"cond-expr","locations":[{"start":{"line":479,"column":52},"end":{"line":479,"column":91}},{"start":{"line":479,"column":94},"end":{"line":479,"column":95}}]},"70":{"loc":{"start":{"line":493,"column":4},"end":{"line":493,"column":null}},"type":"if","locations":[{"start":{"line":493,"column":4},"end":{"line":493,"column":null}}]},"71":{"loc":{"start":{"line":493,"column":8},"end":{"line":493,"column":47}},"type":"binary-expr","locations":[{"start":{"line":493,"column":8},"end":{"line":493,"column":18}},{"start":{"line":493,"column":22},"end":{"line":493,"column":47}}]},"72":{"loc":{"start":{"line":494,"column":11},"end":{"line":494,"column":96}},"type":"cond-expr","locations":[{"start":{"line":494,"column":36},"end":{"line":494,"column":45}},{"start":{"line":494,"column":48},"end":{"line":494,"column":96}}]},"73":{"loc":{"start":{"line":505,"column":4},"end":{"line":507,"column":5}},"type":"if","locations":[{"start":{"line":505,"column":4},"end":{"line":507,"column":5}}]},"74":{"loc":{"start":{"line":505,"column":8},"end":{"line":505,"column":75}},"type":"binary-expr","locations":[{"start":{"line":505,"column":8},"end":{"line":505,"column":41}},{"start":{"line":505,"column":45},"end":{"line":505,"column":75}}]},"75":{"loc":{"start":{"line":514,"column":29},"end":{"line":514,"column":83}},"type":"cond-expr","locations":[{"start":{"line":514,"column":48},"end":{"line":514,"column":79}},{"start":{"line":514,"column":82},"end":{"line":514,"column":83}}]},"76":{"loc":{"start":{"line":523,"column":10},"end":{"line":523,"column":22}},"type":"default-arg","locations":[{"start":{"line":523,"column":21},"end":{"line":523,"column":22}}]},"77":{"loc":{"start":{"line":523,"column":24},"end":{"line":523,"column":38}},"type":"default-arg","locations":[{"start":{"line":523,"column":37},"end":{"line":523,"column":38}}]},"78":{"loc":{"start":{"line":523,"column":40},"end":{"line":523,"column":60}},"type":"default-arg","locations":[{"start":{"line":523,"column":59},"end":{"line":523,"column":60}}]},"79":{"loc":{"start":{"line":523,"column":65},"end":{"line":523,"column":76}},"type":"binary-expr","locations":[{"start":{"line":523,"column":65},"end":{"line":523,"column":70}},{"start":{"line":523,"column":74},"end":{"line":523,"column":76}}]},"80":{"loc":{"start":{"line":539,"column":18},"end":{"line":539,"column":75}},"type":"cond-expr","locations":[{"start":{"line":539,"column":42},"end":{"line":539,"column":58}},{"start":{"line":539,"column":61},"end":{"line":539,"column":75}}]},"81":{"loc":{"start":{"line":541,"column":19},"end":{"line":541,"column":52}},"type":"cond-expr","locations":[{"start":{"line":541,"column":43},"end":{"line":541,"column":46}},{"start":{"line":541,"column":49},"end":{"line":541,"column":52}}]},"82":{"loc":{"start":{"line":552,"column":18},"end":{"line":552,"column":67}},"type":"cond-expr","locations":[{"start":{"line":552,"column":34},"end":{"line":552,"column":50}},{"start":{"line":552,"column":53},"end":{"line":552,"column":67}}]},"83":{"loc":{"start":{"line":557,"column":19},"end":{"line":557,"column":89}},"type":"cond-expr","locations":[{"start":{"line":557,"column":46},"end":{"line":557,"column":85}},{"start":{"line":557,"column":88},"end":{"line":557,"column":89}}]},"84":{"loc":{"start":{"line":566,"column":105},"end":{"line":566,"column":127}},"type":"binary-expr","locations":[{"start":{"line":566,"column":105},"end":{"line":566,"column":122}},{"start":{"line":566,"column":126},"end":{"line":566,"column":127}}]},"85":{"loc":{"start":{"line":610,"column":41},"end":{"line":610,"column":157}},"type":"cond-expr","locations":[{"start":{"line":610,"column":83},"end":{"line":610,"column":147}},{"start":{"line":610,"column":150},"end":{"line":610,"column":157}}]},"86":{"loc":{"start":{"line":610,"column":41},"end":{"line":610,"column":80}},"type":"binary-expr","locations":[{"start":{"line":610,"column":41},"end":{"line":610,"column":53}},{"start":{"line":610,"column":57},"end":{"line":610,"column":80}}]},"87":{"loc":{"start":{"line":620,"column":28},"end":{"line":622,"column":null}},"type":"cond-expr","locations":[{"start":{"line":621,"column":32},"end":{"line":621,"column":68}},{"start":{"line":622,"column":32},"end":{"line":622,"column":null}}]},"88":{"loc":{"start":{"line":636,"column":19},"end":{"line":642,"column":null}},"type":"binary-expr","locations":[{"start":{"line":636,"column":20},"end":{"line":636,"column":33}},{"start":{"line":636,"column":37},"end":{"line":636,"column":51}},{"start":{"line":637,"column":20},"end":{"line":641,"column":null}}]},"89":{"loc":{"start":{"line":646,"column":39},"end":{"line":646,"column":57}},"type":"binary-expr","locations":[{"start":{"line":646,"column":39},"end":{"line":646,"column":51}},{"start":{"line":646,"column":55},"end":{"line":646,"column":57}}]},"90":{"loc":{"start":{"line":698,"column":19},"end":{"line":722,"column":20}},"type":"cond-expr","locations":[{"start":{"line":699,"column":20},"end":{"line":700,"column":null}},{"start":{"line":702,"column":22},"end":{"line":722,"column":20}}]},"91":{"loc":{"start":{"line":715,"column":55},"end":{"line":715,"column":108}},"type":"cond-expr","locations":[{"start":{"line":715,"column":75},"end":{"line":715,"column":91}},{"start":{"line":715,"column":94},"end":{"line":715,"column":108}}]},"92":{"loc":{"start":{"line":723,"column":19},"end":{"line":726,"column":null}},"type":"binary-expr","locations":[{"start":{"line":723,"column":19},"end":{"line":723,"column":38}},{"start":{"line":723,"column":43},"end":{"line":723,"column":61}},{"start":{"line":723,"column":65},"end":{"line":723,"column":95}},{"start":{"line":724,"column":20},"end":{"line":724,"column":null}}]}},"s":{"0":1,"1":1,"2":1,"3":1,"4":1,"5":1,"6":1,"7":1,"8":1,"9":216,"10":1,"11":43,"12":1,"13":52,"14":52,"15":52,"16":52,"17":52,"18":52,"19":52,"20":52,"21":52,"22":52,"23":48,"24":48,"25":28,"26":28,"27":28,"28":48,"29":22,"30":22,"31":12,"32":12,"33":12,"34":10,"35":10,"36":10,"37":0,"38":0,"39":0,"40":0,"41":0,"42":0,"43":0,"44":0,"45":10,"46":10,"47":10,"48":10,"49":10,"50":0,"51":48,"52":22,"53":11,"54":11,"55":11,"56":7,"57":22,"58":22,"59":11,"60":48,"61":21,"62":21,"63":21,"64":11,"65":11,"66":11,"67":21,"68":11,"69":10,"70":10,"71":6,"72":21,"73":21,"74":10,"75":21,"76":21,"77":21,"78":21,"79":48,"80":1,"81":1,"82":48,"83":0,"84":0,"85":48,"86":3,"87":3,"88":3,"89":3,"90":0,"91":0,"92":0,"93":3,"94":3,"95":3,"96":3,"97":3,"98":3,"99":3,"100":48,"101":17,"102":0,"103":0,"104":0,"105":0,"106":0,"107":17,"108":17,"109":0,"110":48,"111":48,"112":48,"113":48,"114":48,"115":23,"116":13,"117":10,"118":0,"119":10,"120":0,"121":10,"122":48,"123":48,"124":15,"125":0,"126":15,"127":3,"128":12,"129":0,"130":12,"131":48,"132":48,"133":33,"134":15,"135":30,"136":0,"137":0,"138":0,"139":48,"140":48,"141":48,"142":48,"143":26,"144":22,"145":48,"146":48,"147":21,"148":27,"149":0,"150":81,"151":0,"152":108,"153":0,"154":12,"155":12,"156":12,"157":14,"158":48,"159":19,"160":10,"161":9,"162":11,"163":48,"164":19,"165":19,"166":10,"167":9,"168":9,"169":9,"170":9,"171":9,"172":9,"173":9,"174":48,"175":48,"176":27,"177":0,"178":144,"179":192,"180":1,"181":0,"182":0,"183":144,"184":13},"f":{"0":216,"1":43,"2":52,"3":28,"4":28,"5":22,"6":0,"7":0,"8":0,"9":10,"10":22,"11":7,"12":22,"13":21,"14":6,"15":21,"16":1,"17":0,"18":3,"19":3,"20":17,"21":0,"22":0,"23":17,"24":23,"25":15,"26":48,"27":30,"28":0,"29":48,"30":48,"31":0,"32":81,"33":0,"34":108,"35":0,"36":12,"37":12,"38":12,"39":14,"40":19,"41":11,"42":19,"43":9,"44":9,"45":27,"46":0,"47":144,"48":192,"49":1,"50":0,"51":0,"52":144,"53":13},"b":{"0":[52],"1":[52],"2":[22,13,10,10],"3":[12],"4":[0,10],"5":[0,0],"6":[0,0],"7":[0],"8":[0],"9":[11,11],"10":[22,14,11,11],"11":[11],"12":[21,13],"13":[11],"14":[21,13],"15":[11,3],"16":[11],"17":[11,10],"18":[21,10,10],"19":[10],"20":[3],"21":[3,3],"22":[0],"23":[3],"24":[3],"25":[0],"26":[0],"27":[0],"28":[48,36],"29":[48,36],"30":[48,12],"31":[48,36,45,12],"32":[13],"33":[23,23],"34":[0],"35":[10,0],"36":[0],"37":[10,10],"38":[0,48],"39":[12,36],"40":[48,12],"41":[3,33],"42":[0],"43":[3],"44":[3,0],"45":[0],"46":[3,9],"47":[33],"48":[15,15],"49":[15,15],"50":[0,15],"51":[15,0],"52":[48,16,4,4,44,15,0,0,44,31],"53":[12,36],"54":[48,12],"55":[0,36],"56":[3,33],"57":[12,21],"58":[5,16],"59":[2,14],"60":[26],"61":[48,22],"62":[21],"63":[48,22],"64":[15,12],"65":[27,17],"66":[12,15],"67":[12,15],"68":[27,0],"69":[12,15],"70":[10],"71":[19,10],"72":[0,9],"73":[10],"74":[19,19],"75":[9,0],"76":[0],"77":[0],"78":[0],"79":[48,0],"80":[48,0],"81":[48,0],"82":[48,0],"83":[25,23],"84":[48,23],"85":[28,20],"86":[48,32],"87":[48,144],"88":[48,32,27],"89":[48,16],"90":[19,29],"91":[13,0],"92":[48,29,29,16]}}
,"/home/ubuntu/devintrade/trading-dashboard/src/components/theme-provider.tsx": {"path":"/home/ubuntu/devintrade/trading-dashboard/src/components/theme-provider.tsx","statementMap":{"0":{"start":{"line":23,"column":0},"end":{"line":23,"column":16}},"1":{"start":{"line":1,"column":0},"end":{"line":1,"column":70}},"2":{"start":{"line":16,"column":41},"end":{"line":19,"column":null}},"3":{"start":{"line":18,"column":18},"end":{"line":18,"column":22}},"4":{"start":{"line":21,"column":29},"end":{"line":21,"column":76}},"5":{"start":{"line":29,"column":28},"end":{"line":30,"column":null}},"6":{"start":{"line":30,"column":11},"end":{"line":30,"column":69}},"7":{"start":{"line":33,"column":2},"end":{"line":47,"column":null}},"8":{"start":{"line":34,"column":17},"end":{"line":34,"column":48}},"9":{"start":{"line":35,"column":4},"end":{"line":35,"column":null}},"10":{"start":{"line":37,"column":4},"end":{"line":44,"column":5}},"11":{"start":{"line":38,"column":26},"end":{"line":41,"column":17}},"12":{"start":{"line":42,"column":6},"end":{"line":42,"column":null}},"13":{"start":{"line":43,"column":6},"end":{"line":43,"column":12}},"14":{"start":{"line":46,"column":4},"end":{"line":46,"column":null}},"15":{"start":{"line":49,"column":16},"end":{"line":55,"column":null}},"16":{"start":{"line":52,"column":6},"end":{"line":52,"column":null}},"17":{"start":{"line":53,"column":6},"end":{"line":53,"column":null}},"18":{"start":{"line":57,"column":2},"end":{"line":61,"column":null}},"19":{"start":{"line":64,"column":24},"end":{"line":71,"column":1}},"20":{"start":{"line":65,"column":18},"end":{"line":65,"column":50}},"21":{"start":{"line":67,"column":2},"end":{"line":68,"column":null}},"22":{"start":{"line":68,"column":4},"end":{"line":68,"column":null}},"23":{"start":{"line":70,"column":2},"end":{"line":70,"column":null}},"24":{"start":{"line":64,"column":13},"end":{"line":64,"column":24}}},"fnMap":{"0":{"name":"(anonymous_0)","decl":{"start":{"line":18,"column":12},"end":{"line":18,"column":15}},"loc":{"start":{"line":18,"column":18},"end":{"line":18,"column":22}}},"1":{"name":"ThemeProvider","decl":{"start":{"line":23,"column":16},"end":{"line":23,"column":29}},"loc":{"start":{"line":28,"column":21},"end":{"line":62,"column":1}}},"2":{"name":"(anonymous_2)","decl":{"start":{"line":30,"column":4},"end":{"line":30,"column":7}},"loc":{"start":{"line":30,"column":11},"end":{"line":30,"column":69}}},"3":{"name":"(anonymous_3)","decl":{"start":{"line":33,"column":12},"end":{"line":33,"column":15}},"loc":{"start":{"line":33,"column":17},"end":{"line":47,"column":3}}},"4":{"name":"(anonymous_4)","decl":{"start":{"line":51,"column":14},"end":{"line":51,"column":15}},"loc":{"start":{"line":51,"column":31},"end":{"line":54,"column":5}}},"5":{"name":"(anonymous_5)","decl":{"start":{"line":64,"column":24},"end":{"line":64,"column":27}},"loc":{"start":{"line":64,"column":29},"end":{"line":71,"column":1}}}},"branchMap":{"0":{"loc":{"start":{"line":25,"column":2},"end":{"line":25,"column":25}},"type":"default-arg","locations":[{"start":{"line":25,"column":17},"end":{"line":25,"column":25}}]},"1":{"loc":{"start":{"line":26,"column":2},"end":{"line":26,"column":30}},"type":"default-arg","locations":[{"start":{"line":26,"column":15},"end":{"line":26,"column":30}}]},"2":{"loc":{"start":{"line":30,"column":11},"end":{"line":30,"column":69}},"type":"binary-expr","locations":[{"start":{"line":30,"column":11},"end":{"line":30,"column":53}},{"start":{"line":30,"column":57},"end":{"line":30,"column":69}}]},"3":{"loc":{"start":{"line":37,"column":4},"end":{"line":44,"column":5}},"type":"if","locations":[{"start":{"line":37,"column":4},"end":{"line":44,"column":5}}]},"4":{"loc":{"start":{"line":38,"column":26},"end":{"line":41,"column":17}},"type":"cond-expr","locations":[{"start":{"line":40,"column":10},"end":{"line":40,"column":16}},{"start":{"line":41,"column":10},"end":{"line":41,"column":17}}]},"5":{"loc":{"start":{"line":67,"column":2},"end":{"line":68,"column":null}},"type":"if","locations":[{"start":{"line":67,"column":2},"end":{"line":68,"column":null}}]}},"s":{"0":1,"1":1,"2":1,"3":0,"4":1,"5":18,"6":18,"7":18,"8":17,"9":17,"10":17,"11":0,"12":0,"13":0,"14":17,"15":18,"16":0,"17":0,"18":18,"19":1,"20":0,"21":0,"22":0,"23":0,"24":1},"f":{"0":0,"1":18,"2":18,"3":17,"4":0,"5":0},"b":{"0":[0],"1":[0],"2":[18,18],"3":[0],"4":[0,0],"5":[0]}}
,"/home/ubuntu/devintrade/trading-dashboard/src/components/ui/accordion.tsx": {"path":"/home/ubuntu/devintrade/trading-dashboard/src/components/ui/accordion.tsx","statementMap":{"0":{"start":{"line":1,"column":0},"end":{"line":1,"column":30}},"1":{"start":{"line":2,"column":0},"end":{"line":2,"column":63}},"2":{"start":{"line":3,"column":0},"end":{"line":3,"column":42}},"3":{"start":{"line":5,"column":0},"end":{"line":5,"column":32}},"4":{"start":{"line":7,"column":18},"end":{"line":7,"column":41}},"5":{"start":{"line":55,"column":9},"end":{"line":55,"column":18}},"6":{"start":{"line":9,"column":22},"end":{"line":18,"column":2}},"7":{"start":{"line":13,"column":2},"end":{"line":16,"column":null}},"8":{"start":{"line":55,"column":20},"end":{"line":55,"column":33}},"9":{"start":{"line":19,"column":0},"end":{"line":19,"column":null}},"10":{"start":{"line":21,"column":25},"end":{"line":38,"column":2}},"11":{"start":{"line":25,"column":2},"end":{"line":36,"column":null}},"12":{"start":{"line":55,"column":35},"end":{"line":55,"column":51}},"13":{"start":{"line":39,"column":0},"end":{"line":39,"column":null}},"14":{"start":{"line":41,"column":25},"end":{"line":52,"column":2}},"15":{"start":{"line":45,"column":2},"end":{"line":50,"column":null}},"16":{"start":{"line":55,"column":53},"end":{"line":55,"column":69}},"17":{"start":{"line":53,"column":0},"end":{"line":53,"column":null}}},"fnMap":{"0":{"name":"(anonymous_6)","decl":{"start":{"line":12,"column":2},"end":{"line":12,"column":3}},"loc":{"start":{"line":13,"column":2},"end":{"line":16,"column":null}}},"1":{"name":"(anonymous_7)","decl":{"start":{"line":24,"column":2},"end":{"line":24,"column":3}},"loc":{"start":{"line":25,"column":2},"end":{"line":36,"column":null}}},"2":{"name":"(anonymous_8)","decl":{"start":{"line":44,"column":2},"end":{"line":44,"column":3}},"loc":{"start":{"line":45,"column":2},"end":{"line":50,"column":null}}}},"branchMap":{},"s":{"0":0,"1":0,"2":0,"3":0,"4":0,"5":0,"6":0,"7":0,"8":0,"9":0,"10":0,"11":0,"12":0,"13":0,"14":0,"15":0,"16":0,"17":0},"f":{"0":0,"1":0,"2":0},"b":{}}
,"/home/ubuntu/devintrade/trading-dashboard/src/components/ui/alert-dialog.tsx": {"path":"/home/ubuntu/devintrade/trading-dashboard/src/components/ui/alert-dialog.tsx","statementMap":{"0":{"start":{"line":1,"column":0},"end":{"line":1,"column":30}},"1":{"start":{"line":2,"column":0},"end":{"line":2,"column":68}},"2":{"start":{"line":4,"column":0},"end":{"line":4,"column":32}},"3":{"start":{"line":5,"column":0},"end":{"line":5,"column":55}},"4":{"start":{"line":7,"column":20},"end":{"line":7,"column":45}},"5":{"start":{"line":128,"column":2},"end":{"line":128,"column":13}},"6":{"start":{"line":9,"column":27},"end":{"line":9,"column":55}},"7":{"start":{"line":131,"column":2},"end":{"line":131,"column":20}},"8":{"start":{"line":11,"column":26},"end":{"line":11,"column":53}},"9":{"start":{"line":129,"column":2},"end":{"line":129,"column":19}},"10":{"start":{"line":13,"column":27},"end":{"line":25,"column":2}},"11":{"start":{"line":17,"column":2},"end":{"line":23,"column":null}},"12":{"start":{"line":130,"column":2},"end":{"line":130,"column":20}},"13":{"start":{"line":26,"column":0},"end":{"line":26,"column":null}},"14":{"start":{"line":28,"column":27},"end":{"line":43,"column":2}},"15":{"start":{"line":32,"column":2},"end":{"line":41,"column":null}},"16":{"start":{"line":132,"column":2},"end":{"line":132,"column":20}},"17":{"start":{"line":44,"column":0},"end":{"line":44,"column":null}},"18":{"start":{"line":46,"column":26},"end":{"line":56,"column":null}},"19":{"start":{"line":50,"column":2},"end":{"line":55,"column":null}},"20":{"start":{"line":133,"column":2},"end":{"line":133,"column":19}},"21":{"start":{"line":58,"column":0},"end":{"line":58,"column":null}},"22":{"start":{"line":60,"column":26},"end":{"line":70,"column":null}},"23":{"start":{"line":64,"column":2},"end":{"line":69,"column":null}},"24":{"start":{"line":134,"column":2},"end":{"line":134,"column":19}},"25":{"start":{"line":72,"column":0},"end":{"line":72,"column":null}},"26":{"start":{"line":74,"column":25},"end":{"line":83,"column":2}},"27":{"start":{"line":78,"column":2},"end":{"line":81,"column":null}},"28":{"start":{"line":135,"column":2},"end":{"line":135,"column":18}},"29":{"start":{"line":84,"column":0},"end":{"line":84,"column":null}},"30":{"start":{"line":86,"column":31},"end":{"line":95,"column":2}},"31":{"start":{"line":90,"column":2},"end":{"line":93,"column":null}},"32":{"start":{"line":136,"column":2},"end":{"line":136,"column":24}},"33":{"start":{"line":96,"column":0},"end":{"line":97,"column":null}},"34":{"start":{"line":99,"column":26},"end":{"line":108,"column":2}},"35":{"start":{"line":103,"column":2},"end":{"line":106,"column":null}},"36":{"start":{"line":137,"column":2},"end":{"line":137,"column":19}},"37":{"start":{"line":109,"column":0},"end":{"line":109,"column":null}},"38":{"start":{"line":111,"column":26},"end":{"line":124,"column":2}},"39":{"start":{"line":115,"column":2},"end":{"line":122,"column":null}},"40":{"start":{"line":138,"column":2},"end":{"line":138,"column":19}},"41":{"start":{"line":125,"column":0},"end":{"line":125,"column":null}}},"fnMap":{"0":{"name":"(anonymous_6)","decl":{"start":{"line":16,"column":2},"end":{"line":16,"column":3}},"loc":{"start":{"line":17,"column":2},"end":{"line":23,"column":null}}},"1":{"name":"(anonymous_7)","decl":{"start":{"line":31,"column":2},"end":{"line":31,"column":3}},"loc":{"start":{"line":32,"column":2},"end":{"line":41,"column":null}}},"2":{"name":"(anonymous_8)","decl":{"start":{"line":46,"column":26},"end":{"line":46,"column":27}},"loc":{"start":{"line":50,"column":2},"end":{"line":55,"column":null}}},"3":{"name":"(anonymous_9)","decl":{"start":{"line":60,"column":26},"end":{"line":60,"column":27}},"loc":{"start":{"line":64,"column":2},"end":{"line":69,"column":null}}},"4":{"name":"(anonymous_10)","decl":{"start":{"line":77,"column":2},"end":{"line":77,"column":3}},"loc":{"start":{"line":78,"column":2},"end":{"line":81,"column":null}}},"5":{"name":"(anonymous_11)","decl":{"start":{"line":89,"column":2},"end":{"line":89,"column":3}},"loc":{"start":{"line":90,"column":2},"end":{"line":93,"column":null}}},"6":{"name":"(anonymous_12)","decl":{"start":{"line":102,"column":2},"end":{"line":102,"column":3}},"loc":{"start":{"line":103,"column":2},"end":{"line":106,"column":null}}},"7":{"name":"(anonymous_13)","decl":{"start":{"line":114,"column":2},"end":{"line":114,"column":3}},"loc":{"start":{"line":115,"column":2},"end":{"line":122,"column":null}}}},"branchMap":{},"s":{"0":0,"1":0,"2":0,"3":0,"4":0,"5":0,"6":0,"7":0,"8":0,"9":0,"10":0,"11":0,"12":0,"13":0,"14":0,"15":0,"16":0,"17":0,"18":0,"19":0,"20":0,"21":0,"22":0,"23":0,"24":0,"25":0,"26":0,"27":0,"28":0,"29":0,"30":0,"31":0,"32":0,"33":0,"34":0,"35":0,"36":0,"37":0,"38":0,"39":0,"40":0,"41":0},"f":{"0":0,"1":0,"2":0,"3":0,"4":0,"5":0,"6":0,"7":0},"b":{}}
,"/home/ubuntu/devintrade/trading-dashboard/src/components/ui/alert.tsx": {"path":"/home/ubuntu/devintrade/trading-dashboard/src/components/ui/alert.tsx","statementMap":{"0":{"start":{"line":1,"column":0},"end":{"line":1,"column":30}},"1":{"start":{"line":2,"column":0},"end":{"line":2,"column":65}},"2":{"start":{"line":4,"column":0},"end":{"line":4,"column":32}},"3":{"start":{"line":6,"column":22},"end":{"line":19,"column":null}},"4":{"start":{"line":22,"column":14},"end":{"line":32,"column":2}},"5":{"start":{"line":26,"column":2},"end":{"line":30,"column":null}},"6":{"start":{"line":59,"column":9},"end":{"line":59,"column":14}},"7":{"start":{"line":33,"column":0},"end":{"line":33,"column":null}},"8":{"start":{"line":35,"column":19},"end":{"line":44,"column":2}},"9":{"start":{"line":39,"column":2},"end":{"line":42,"column":null}},"10":{"start":{"line":59,"column":16},"end":{"line":59,"column":26}},"11":{"start":{"line":45,"column":0},"end":{"line":45,"column":null}},"12":{"start":{"line":47,"column":25},"end":{"line":56,"column":2}},"13":{"start":{"line":51,"column":2},"end":{"line":54,"column":null}},"14":{"start":{"line":59,"column":28},"end":{"line":59,"column":44}},"15":{"start":{"line":57,"column":0},"end":{"line":57,"column":null}}},"fnMap":{"0":{"name":"(anonymous_6)","decl":{"start":{"line":25,"column":2},"end":{"line":25,"column":3}},"loc":{"start":{"line":26,"column":2},"end":{"line":30,"column":null}}},"1":{"name":"(anonymous_7)","decl":{"start":{"line":38,"column":2},"end":{"line":38,"column":3}},"loc":{"start":{"line":39,"column":2},"end":{"line":42,"column":null}}},"2":{"name":"(anonymous_8)","decl":{"start":{"line":50,"column":2},"end":{"line":50,"column":3}},"loc":{"start":{"line":51,"column":2},"end":{"line":54,"column":null}}}},"branchMap":{},"s":{"0":0,"1":0,"2":0,"3":0,"4":0,"5":0,"6":0,"7":0,"8":0,"9":0,"10":0,"11":0,"12":0,"13":0,"14":0,"15":0},"f":{"0":0,"1":0,"2":0},"b":{}}
,"/home/ubuntu/devintrade/trading-dashboard/src/components/ui/aspect-ratio.tsx": {"path":"/home/ubuntu/devintrade/trading-dashboard/src/components/ui/aspect-ratio.tsx","statementMap":{"0":{"start":{"line":1,"column":0},"end":{"line":1,"column":68}},"1":{"start":{"line":3,"column":20},"end":{"line":3,"column":45}},"2":{"start":{"line":5,"column":9},"end":{"line":5,"column":20}}},"fnMap":{},"branchMap":{},"s":{"0":0,"1":0,"2":0},"f":{},"b":{}}
,"/home/ubuntu/devintrade/trading-dashboard/src/components/ui/avatar.tsx": {"path":"/home/ubuntu/devintrade/trading-dashboard/src/components/ui/avatar.tsx","statementMap":{"0":{"start":{"line":3,"column":0},"end":{"line":3,"column":30}},"1":{"start":{"line":4,"column":0},"end":{"line":4,"column":57}},"2":{"start":{"line":6,"column":0},"end":{"line":6,"column":32}},"3":{"start":{"line":8,"column":15},"end":{"line":20,"column":2}},"4":{"start":{"line":12,"column":2},"end":{"line":18,"column":null}},"5":{"start":{"line":50,"column":9},"end":{"line":50,"column":15}},"6":{"start":{"line":21,"column":0},"end":{"line":21,"column":null}},"7":{"start":{"line":23,"column":20},"end":{"line":32,"column":2}},"8":{"start":{"line":27,"column":2},"end":{"line":30,"column":null}},"9":{"start":{"line":50,"column":17},"end":{"line":50,"column":28}},"10":{"start":{"line":33,"column":0},"end":{"line":33,"column":null}},"11":{"start":{"line":35,"column":23},"end":{"line":47,"column":2}},"12":{"start":{"line":39,"column":2},"end":{"line":45,"column":null}},"13":{"start":{"line":50,"column":30},"end":{"line":50,"column":44}},"14":{"start":{"line":48,"column":0},"end":{"line":48,"column":null}}},"fnMap":{"0":{"name":"(anonymous_6)","decl":{"start":{"line":11,"column":2},"end":{"line":11,"column":3}},"loc":{"start":{"line":12,"column":2},"end":{"line":18,"column":null}}},"1":{"name":"(anonymous_7)","decl":{"start":{"line":26,"column":2},"end":{"line":26,"column":3}},"loc":{"start":{"line":27,"column":2},"end":{"line":30,"column":null}}},"2":{"name":"(anonymous_8)","decl":{"start":{"line":38,"column":2},"end":{"line":38,"column":3}},"loc":{"start":{"line":39,"column":2},"end":{"line":45,"column":null}}}},"branchMap":{},"s":{"0":0,"1":0,"2":0,"3":0,"4":0,"5":0,"6":0,"7":0,"8":0,"9":0,"10":0,"11":0,"12":0,"13":0,"14":0},"f":{"0":0,"1":0,"2":0},"b":{}}
,"/home/ubuntu/devintrade/trading-dashboard/src/components/ui/badge.tsx": {"path":"/home/ubuntu/devintrade/trading-dashboard/src/components/ui/badge.tsx","statementMap":{"0":{"start":{"line":36,"column":9},"end":{"line":36,"column":14}},"1":{"start":{"line":1,"column":0},"end":{"line":1,"column":30}},"2":{"start":{"line":2,"column":0},"end":{"line":2,"column":65}},"3":{"start":{"line":4,"column":0},"end":{"line":4,"column":32}},"4":{"start":{"line":6,"column":22},"end":{"line":23,"column":null}},"5":{"start":{"line":36,"column":16},"end":{"line":36,"column":29}},"6":{"start":{"line":31,"column":2},"end":{"line":33,"column":null}}},"fnMap":{"0":{"name":"Badge","decl":{"start":{"line":30,"column":9},"end":{"line":30,"column":14}},"loc":{"start":{"line":30,"column":59},"end":{"line":34,"column":1}}}},"branchMap":{},"s":{"0":0,"1":0,"2":0,"3":0,"4":0,"5":0,"6":0},"f":{"0":0},"b":{}}
,"/home/ubuntu/devintrade/trading-dashboard/src/components/ui/breadcrumb.tsx": {"path":"/home/ubuntu/devintrade/trading-dashboard/src/components/ui/breadcrumb.tsx","statementMap":{"0":{"start":{"line":1,"column":0},"end":{"line":1,"column":30}},"1":{"start":{"line":2,"column":0},"end":{"line":2,"column":43}},"2":{"start":{"line":3,"column":0},"end":{"line":3,"column":59}},"3":{"start":{"line":5,"column":0},"end":{"line":5,"column":32}},"4":{"start":{"line":7,"column":19},"end":{"line":12,"column":78}},"5":{"start":{"line":12,"column":25},"end":{"line":12,"column":77}},"6":{"start":{"line":108,"column":2},"end":{"line":108,"column":12}},"7":{"start":{"line":13,"column":0},"end":{"line":13,"column":null}},"8":{"start":{"line":15,"column":23},"end":{"line":27,"column":2}},"9":{"start":{"line":19,"column":2},"end":{"line":25,"column":null}},"10":{"start":{"line":109,"column":2},"end":{"line":109,"column":16}},"11":{"start":{"line":28,"column":0},"end":{"line":28,"column":null}},"12":{"start":{"line":30,"column":23},"end":{"line":39,"column":2}},"13":{"start":{"line":34,"column":2},"end":{"line":37,"column":null}},"14":{"start":{"line":110,"column":2},"end":{"line":110,"column":16}},"15":{"start":{"line":40,"column":0},"end":{"line":40,"column":null}},"16":{"start":{"line":42,"column":23},"end":{"line":57,"column":2}},"17":{"start":{"line":48,"column":15},"end":{"line":48,"column":35}},"18":{"start":{"line":50,"column":2},"end":{"line":56,"column":null}},"19":{"start":{"line":111,"column":2},"end":{"line":111,"column":16}},"20":{"start":{"line":58,"column":0},"end":{"line":58,"column":null}},"21":{"start":{"line":60,"column":23},"end":{"line":72,"column":2}},"22":{"start":{"line":64,"column":2},"end":{"line":70,"column":null}},"23":{"start":{"line":112,"column":2},"end":{"line":112,"column":16}},"24":{"start":{"line":73,"column":0},"end":{"line":73,"column":null}},"25":{"start":{"line":75,"column":28},"end":{"line":87,"column":null}},"26":{"start":{"line":80,"column":2},"end":{"line":86,"column":null}},"27":{"start":{"line":113,"column":2},"end":{"line":113,"column":21}},"28":{"start":{"line":89,"column":0},"end":{"line":89,"column":null}},"29":{"start":{"line":91,"column":27},"end":{"line":103,"column":null}},"30":{"start":{"line":95,"column":2},"end":{"line":102,"column":null}},"31":{"start":{"line":114,"column":2},"end":{"line":114,"column":20}},"32":{"start":{"line":105,"column":0},"end":{"line":105,"column":null}}},"fnMap":{"0":{"name":"(anonymous_6)","decl":{"start":{"line":12,"column":2},"end":{"line":12,"column":3}},"loc":{"start":{"line":12,"column":25},"end":{"line":12,"column":77}}},"1":{"name":"(anonymous_7)","decl":{"start":{"line":18,"column":2},"end":{"line":18,"column":3}},"loc":{"start":{"line":19,"column":2},"end":{"line":25,"column":null}}},"2":{"name":"(anonymous_8)","decl":{"start":{"line":33,"column":2},"end":{"line":33,"column":3}},"loc":{"start":{"line":34,"column":2},"end":{"line":37,"column":null}}},"3":{"name":"(anonymous_9)","decl":{"start":{"line":47,"column":2},"end":{"line":47,"column":3}},"loc":{"start":{"line":47,"column":44},"end":{"line":57,"column":1}}},"4":{"name":"(anonymous_10)","decl":{"start":{"line":63,"column":2},"end":{"line":63,"column":3}},"loc":{"start":{"line":64,"column":2},"end":{"line":70,"column":null}}},"5":{"name":"(anonymous_11)","decl":{"start":{"line":75,"column":28},"end":{"line":75,"column":29}},"loc":{"start":{"line":80,"column":2},"end":{"line":86,"column":null}}},"6":{"name":"(anonymous_12)","decl":{"start":{"line":91,"column":27},"end":{"line":91,"column":28}},"loc":{"start":{"line":95,"column":2},"end":{"line":102,"column":null}}}},"branchMap":{"0":{"loc":{"start":{"line":48,"column":15},"end":{"line":48,"column":35}},"type":"cond-expr","locations":[{"start":{"line":48,"column":25},"end":{"line":48,"column":29}},{"start":{"line":48,"column":32},"end":{"line":48,"column":35}}]},"1":{"loc":{"start":{"line":86,"column":5},"end":{"line":86,"column":33}},"type":"binary-expr","locations":[{"start":{"line":86,"column":5},"end":{"line":86,"column":13}},{"start":{"line":86,"column":17},"end":{"line":86,"column":33}}]}},"s":{"0":0,"1":0,"2":0,"3":0,"4":0,"5":0,"6":0,"7":0,"8":0,"9":0,"10":0,"11":0,"12":0,"13":0,"14":0,"15":0,"16":0,"17":0,"18":0,"19":0,"20":0,"21":0,"22":0,"23":0,"24":0,"25":0,"26":0,"27":0,"28":0,"29":0,"30":0,"31":0,"32":0},"f":{"0":0,"1":0,"2":0,"3":0,"4":0,"5":0,"6":0},"b":{"0":[0,0],"1":[0,0]}}
,"/home/ubuntu/devintrade/trading-dashboard/src/components/ui/button.tsx": {"path":"/home/ubuntu/devintrade/trading-dashboard/src/components/ui/button.tsx","statementMap":{"0":{"start":{"line":1,"column":0},"end":{"line":1,"column":30}},"1":{"start":{"line":2,"column":0},"end":{"line":2,"column":43}},"2":{"start":{"line":3,"column":0},"end":{"line":3,"column":65}},"3":{"start":{"line":5,"column":0},"end":{"line":5,"column":32}},"4":{"start":{"line":7,"column":23},"end":{"line":34,"column":null}},"5":{"start":{"line":57,"column":17},"end":{"line":57,"column":31}},"6":{"start":{"line":43,"column":15},"end":{"line":53,"column":null}},"7":{"start":{"line":45,"column":17},"end":{"line":45,"column":42}},"8":{"start":{"line":46,"column":4},"end":{"line":52,"column":null}},"9":{"start":{"line":57,"column":9},"end":{"line":57,"column":15}},"10":{"start":{"line":55,"column":0},"end":{"line":55,"column":null}}},"fnMap":{"0":{"name":"(anonymous_6)","decl":{"start":{"line":44,"column":2},"end":{"line":44,"column":3}},"loc":{"start":{"line":44,"column":67},"end":{"line":53,"column":3}}}},"branchMap":{"0":{"loc":{"start":{"line":44,"column":31},"end":{"line":44,"column":46}},"type":"default-arg","locations":[{"start":{"line":44,"column":41},"end":{"line":44,"column":46}}]},"1":{"loc":{"start":{"line":45,"column":17},"end":{"line":45,"column":42}},"type":"cond-expr","locations":[{"start":{"line":45,"column":27},"end":{"line":45,"column":31}},{"start":{"line":45,"column":34},"end":{"line":45,"column":42}}]}},"s":{"0":0,"1":0,"2":0,"3":0,"4":0,"5":0,"6":0,"7":0,"8":0,"9":0,"10":0},"f":{"0":0},"b":{"0":[0],"1":[0,0]}}
[...]
:null}},"46":{"start":{"line":94,"column":16},"end":{"line":94,"column":null}},"47":{"start":{"line":94,"column":59},"end":{"line":94,"column":null}},"48":{"start":{"line":95,"column":34},"end":{"line":95,"column":57}},"49":{"start":{"line":96,"column":34},"end":{"line":96,"column":71}},"50":{"start":{"line":97,"column":33},"end":{"line":97,"column":80}},"51":{"start":{"line":98,"column":16},"end":{"line":98,"column":null}},"52":{"start":{"line":105,"column":6},"end":{"line":105,"column":null}},"53":{"start":{"line":108,"column":4},"end":{"line":134,"column":5}},"54":{"start":{"line":109,"column":6},"end":{"line":109,"column":null}},"55":{"start":{"line":112,"column":6},"end":{"line":131,"column":null}},"56":{"start":{"line":113,"column":8},"end":{"line":130,"column":9}},"57":{"start":{"line":114,"column":10},"end":{"line":114,"column":null}},"58":{"start":{"line":117,"column":10},"end":{"line":129,"column":null}},"59":{"start":{"line":118,"column":12},"end":{"line":128,"column":13}},"60":{"start":{"line":119,"column":14},"end":{"line":127,"column":null}},"61":{"start":{"line":120,"column":16},"end":{"line":120,"column":null}},"62":{"start":{"line":120,"column":59},"end":{"line":120,"column":null}},"63":{"start":{"line":121,"column":34},"end":{"line":121,"column":56}},"64":{"start":{"line":122,"column":16},"end":{"line":126,"column":null}},"65":{"start":{"line":122,"column":45},"end":{"line":126,"column":18}},"66":{"start":{"line":133,"column":6},"end":{"line":133,"column":null}},"67":{"start":{"line":137,"column":27},"end":{"line":196,"column":5}},"68":{"start":{"line":138,"column":6},"end":{"line":195,"column":7}},"69":{"start":{"line":139,"column":8},"end":{"line":139,"column":null}},"70":{"start":{"line":141,"column":8},"end":{"line":147,"column":null}},"71":{"start":{"line":142,"column":10},"end":{"line":146,"column":11}},"72":{"start":{"line":143,"column":12},"end":{"line":143,"column":null}},"73":{"start":{"line":144,"column":12},"end":{"line":144,"column":null}},"74":{"start":{"line":145,"column":12},"end":{"line":145,"column":null}},"75":{"start":{"line":149,"column":8},"end":{"line":164,"column":null}},"76":{"start":{"line":150,"column":10},"end":{"line":150,"column":null}},"77":{"start":{"line":151,"column":10},"end":{"line":163,"column":11}},"78":{"start":{"line":152,"column":12},"end":{"line":152,"column":null}},"79":{"start":{"line":153,"column":12},"end":{"line":162,"column":13}},"80":{"start":{"line":154,"column":28},"end":{"line":154,"column":90}},"81":{"start":{"line":155,"column":14},"end":{"line":159,"column":null}},"82":{"start":{"line":156,"column":16},"end":{"line":158,"column":17}},"83":{"start":{"line":157,"column":18},"end":{"line":157,"column":null}},"84":{"start":{"line":161,"column":14},"end":{"line":161,"column":null}},"85":{"start":{"line":166,"column":8},"end":{"line":179,"column":null}},"86":{"start":{"line":167,"column":10},"end":{"line":178,"column":11}},"87":{"start":{"line":168,"column":12},"end":{"line":177,"column":13}},"88":{"start":{"line":169,"column":29},"end":{"line":169,"column":51}},"89":{"start":{"line":170,"column":14},"end":{"line":170,"column":null}},"90":{"start":{"line":171,"column":14},"end":{"line":171,"column":null}},"91":{"start":{"line":173,"column":14},"end":{"line":173,"column":null}},"92":{"start":{"line":174,"column":14},"end":{"line":176,"column":15}},"93":{"start":{"line":175,"column":16},"end":{"line":175,"column":null}},"94":{"start":{"line":181,"column":8},"end":{"line":189,"column":null}},"95":{"start":{"line":182,"column":10},"end":{"line":188,"column":11}},"96":{"start":{"line":183,"column":12},"end":{"line":183,"column":null}},"97":{"start":{"line":184,"column":12},"end":{"line":184,"column":null}},"98":{"start":{"line":185,"column":12},"end":{"line":187,"column":13}},"99":{"start":{"line":186,"column":14},"end":{"line":186,"column":null}},"100":{"start":{"line":191,"column":8},"end":{"line":191,"column":null}},"101":{"start":{"line":192,"column":8},"end":{"line":194,"column":9}},"102":{"start":{"line":193,"column":10},"end":{"line":193,"column":null}},"103":{"start":{"line":198,"column":4},"end":{"line":198,"column":null}},"104":{"start":{"line":200,"column":4},"end":{"line":206,"column":null}},"105":{"start":{"line":201,"column":6},"end":{"line":204,"column":7}},"106":{"start":{"line":202,"column":8},"end":{"line":202,"column":null}},"107":{"start":{"line":203,"column":8},"end":{"line":203,"column":null}},"108":{"start":{"line":205,"column":6},"end":{"line":205,"column":null}},"109":{"start":{"line":209,"column":21},"end":{"line":216,"column":50}},"110":{"start":{"line":210,"column":4},"end":{"line":210,"column":null}},"111":{"start":{"line":211,"column":20},"end":{"line":211,"column":29}},"112":{"start":{"line":212,"column":4},"end":{"line":212,"column":null}},"113":{"start":{"line":213,"column":4},"end":{"line":213,"column":null}},"114":{"start":{"line":214,"column":4},"end":{"line":214,"column":null}},"115":{"start":{"line":215,"column":4},"end":{"line":215,"column":null}},"116":{"start":{"line":218,"column":2},"end":{"line":228,"column":null}},"117":{"start":{"line":219,"column":4},"end":{"line":219,"column":null}},"118":{"start":{"line":220,"column":20},"end":{"line":220,"column":29}},"119":{"start":{"line":221,"column":4},"end":{"line":227,"column":null}},"120":{"start":{"line":222,"column":6},"end":{"line":222,"column":null}},"121":{"start":{"line":223,"column":6},"end":{"line":223,"column":null}},"122":{"start":{"line":224,"column":6},"end":{"line":224,"column":null}},"123":{"start":{"line":225,"column":6},"end":{"line":225,"column":null}},"124":{"start":{"line":226,"column":6},"end":{"line":226,"column":null}},"125":{"start":{"line":230,"column":2},"end":{"line":235,"column":null}}},"fnMap":{"0":{"name":"useWebSocket","decl":{"start":{"line":32,"column":16},"end":{"line":32,"column":28}},"loc":{"start":{"line":32,"column":43},"end":{"line":236,"column":1}}},"1":{"name":"(anonymous_1)","decl":{"start":{"line":40,"column":30},"end":{"line":40,"column":31}},"loc":{"start":{"line":40,"column":73},"end":{"line":45,"column":3}}},"2":{"name":"(anonymous_2)","decl":{"start":{"line":41,"column":13},"end":{"line":41,"column":17}},"loc":{"start":{"line":41,"column":22},"end":{"line":44,"column":6}}},"3":{"name":"(anonymous_3)","decl":{"start":{"line":47,"column":31},"end":{"line":47,"column":32}},"loc":{"start":{"line":48,"column":4},"end":{"line":48,"column":42}}},"4":{"name":"(anonymous_4)","decl":{"start":{"line":48,"column":13},"end":{"line":48,"column":17}},"loc":{"start":{"line":48,"column":22},"end":{"line":48,"column":40}}},"5":{"name":"(anonymous_5)","decl":{"start":{"line":50,"column":37},"end":{"line":50,"column":38}},"loc":{"start":{"line":51,"column":4},"end":{"line":51,"column":48}}},"6":{"name":"(anonymous_6)","decl":{"start":{"line":51,"column":13},"end":{"line":51,"column":17}},"loc":{"start":{"line":51,"column":22},"end":{"line":51,"column":46}}},"7":{"name":"(anonymous_7)","decl":{"start":{"line":53,"column":30},"end":{"line":53,"column":33}},"loc":{"start":{"line":53,"column":35},"end":{"line":207,"column":3}}},"8":{"name":"(anonymous_8)","decl":{"start":{"line":64,"column":22},"end":{"line":64,"column":25}},"loc":{"start":{"line":64,"column":27},"end":{"line":79,"column":5}}},"9":{"name":"(anonymous_9)","decl":{"start":{"line":86,"column":37},"end":{"line":86,"column":40}},"loc":{"start":{"line":86,"column":42},"end":{"line":103,"column":7}}},"10":{"name":"(anonymous_10)","decl":{"start":{"line":91,"column":43},"end":{"line":91,"column":46}},"loc":{"start":{"line":91,"column":48},"end":{"line":101,"column":11}}},"11":{"name":"(anonymous_11)","decl":{"start":{"line":93,"column":22},"end":{"line":93,"column":23}},"loc":{"start":{"line":93,"column":35},"end":{"line":99,"column":15}}},"12":{"name":"(anonymous_12)","decl":{"start":{"line":112,"column":37},"end":{"line":112,"column":40}},"loc":{"start":{"line":112,"column":42},"end":{"line":131,"column":7}}},"13":{"name":"(anonymous_13)","decl":{"start":{"line":117,"column":43},"end":{"line":117,"column":46}},"loc":{"start":{"line":117,"column":48},"end":{"line":129,"column":11}}},"14":{"name":"(anonymous_14)","decl":{"start":{"line":119,"column":22},"end":{"line":119,"column":23}},"loc":{"start":{"line":119,"column":35},"end":{"line":127,"column":15}}},"15":{"name":"(anonymous_15)","decl":{"start":{"line":122,"column":37},"end":{"line":122,"column":40}},"loc":{"start":{"line":122,"column":45},"end":{"line":126,"column":18}}},"16":{"name":"(anonymous_16)","decl":{"start":{"line":137,"column":27},"end":{"line":137,"column":30}},"loc":{"start":{"line":137,"column":32},"end":{"line":196,"column":5}}},"17":{"name":"(anonymous_17)","decl":{"start":{"line":141,"column":28},"end":{"line":141,"column":31}},"loc":{"start":{"line":141,"column":33},"end":{"line":147,"column":9}}},"18":{"name":"(anonymous_18)","decl":{"start":{"line":149,"column":29},"end":{"line":149,"column":32}},"loc":{"start":{"line":149,"column":34},"end":{"line":164,"column":9}}},"19":{"name":"(anonymous_19)","decl":{"start":{"line":155,"column":54},"end":{"line":155,"column":57}},"loc":{"start":{"line":155,"column":59},"end":{"line":159,"column":15}}},"20":{"name":"(anonymous_20)","decl":{"start":{"line":166,"column":31},"end":{"line":166,"column":32}},"loc":{"start":{"line":166,"column":55},"end":{"line":179,"column":9}}},"21":{"name":"(anonymous_21)","decl":{"start":{"line":181,"column":29},"end":{"line":181,"column":32}},"loc":{"start":{"line":181,"column":34},"end":{"line":189,"column":9}}},"22":{"name":"(anonymous_22)","decl":{"start":{"line":200,"column":11},"end":{"line":200,"column":14}},"loc":{"start":{"line":200,"column":16},"end":{"line":206,"column":5}}},"23":{"name":"(anonymous_23)","decl":{"start":{"line":209,"column":33},"end":{"line":209,"column":36}},"loc":{"start":{"line":209,"column":38},"end":{"line":216,"column":3}}},"24":{"name":"(anonymous_24)","decl":{"start":{"line":218,"column":12},"end":{"line":218,"column":15}},"loc":{"start":{"line":218,"column":17},"end":{"line":228,"column":3}}},"25":{"name":"(anonymous_25)","decl":{"start":{"line":221,"column":11},"end":{"line":221,"column":14}},"loc":{"start":{"line":221,"column":16},"end":{"line":227,"column":5}}}},"branchMap":{"0":{"loc":{"start":{"line":43,"column":12},"end":{"line":43,"column":97}},"type":"cond-expr","locations":[{"start":{"line":43,"column":42},"end":{"line":43,"column":90}},{"start":{"line":43,"column":93},"end":{"line":43,"column":97}}]},"1":{"loc":{"start":{"line":65,"column":6},"end":{"line":65,"column":37}},"type":"if","locations":[{"start":{"line":65,"column":6},"end":{"line":65,"column":37}}]},"2":{"loc":{"start":{"line":67,"column":6},"end":{"line":67,"column":null}},"type":"if","locations":[{"start":{"line":67,"column":6},"end":{"line":67,"column":null}}]},"3":{"loc":{"start":{"line":68,"column":6},"end":{"line":68,"column":null}},"type":"if","locations":[{"start":{"line":68,"column":6},"end":{"line":68,"column":null}}]},"4":{"loc":{"start":{"line":69,"column":6},"end":{"line":69,"column":null}},"type":"if","locations":[{"start":{"line":69,"column":6},"end":{"line":69,"column":null}}]},"5":{"loc":{"start":{"line":70,"column":6},"end":{"line":77,"column":7}},"type":"if","locations":[{"start":{"line":70,"column":6},"end":{"line":77,"column":7}}]},"6":{"loc":{"start":{"line":81,"column":4},"end":{"line":106,"column":5}},"type":"if","locations":[{"start":{"line":81,"column":4},"end":{"line":106,"column":5}}]},"7":{"loc":{"start":{"line":82,"column":24},"end":{"line":82,"column":75}},"type":"binary-expr","locations":[{"start":{"line":82,"column":24},"end":{"line":82,"column":66}},{"start":{"line":82,"column":70},"end":{"line":82,"column":75}}]},"8":{"loc":{"start":{"line":87,"column":8},"end":{"line":102,"column":9}},"type":"if","locations":[{"start":{"line":87,"column":8},"end":{"line":102,"column":9}}]},"9":{"loc":{"start":{"line":92,"column":12},"end":{"line":100,"column":13}},"type":"if","locations":[{"start":{"line":92,"column":12},"end":{"line":100,"column":13}}]},"10":{"loc":{"start":{"line":94,"column":16},"end":{"line":94,"column":null}},"type":"if","locations":[{"start":{"line":94,"column":16},"end":{"line":94,"column":null}}]},"11":{"loc":{"start":{"line":94,"column":20},"end":{"line":94,"column":57}},"type":"binary-expr","locations":[{"start":{"line":94,"column":20},"end":{"line":94,"column":29}},{"start":{"line":94,"column":33},"end":{"line":94,"column":57}}]},"12":{"loc":{"start":{"line":108,"column":4},"end":{"line":134,"column":5}},"type":"if","locations":[{"start":{"line":108,"column":4},"end":{"line":134,"column":5}}]},"13":{"loc":{"start":{"line":113,"column":8},"end":{"line":130,"column":9}},"type":"if","locations":[{"start":{"line":113,"column":8},"end":{"line":130,"column":9}}]},"14":{"loc":{"start":{"line":118,"column":12},"end":{"line":128,"column":13}},"type":"if","locations":[{"start":{"line":118,"column":12},"end":{"line":128,"column":13}}]},"15":{"loc":{"start":{"line":120,"column":16},"end":{"line":120,"column":null}},"type":"if","locations":[{"start":{"line":120,"column":16},"end":{"line":120,"column":null}}]},"16":{"loc":{"start":{"line":120,"column":20},"end":{"line":120,"column":57}},"type":"binary-expr","locations":[{"start":{"line":120,"column":20},"end":{"line":120,"column":29}},{"start":{"line":120,"column":33},"end":{"line":120,"column":57}}]},"17":{"loc":{"start":{"line":142,"column":10},"end":{"line":146,"column":11}},"type":"if","locations":[{"start":{"line":142,"column":10},"end":{"line":146,"column":11}}]},"18":{"loc":{"start":{"line":151,"column":10},"end":{"line":163,"column":11}},"type":"if","locations":[{"start":{"line":151,"column":10},"end":{"line":163,"column":11}}]},"19":{"loc":{"start":{"line":151,"column":14},"end":{"line":151,"column":53}},"type":"binary-expr","locations":[{"start":{"line":151,"column":14},"end":{"line":151,"column":29}},{"start":{"line":151,"column":33},"end":{"line":151,"column":53}}]},"20":{"loc":{"start":{"line":153,"column":12},"end":{"line":162,"column":13}},"type":"if","locations":[{"start":{"line":153,"column":12},"end":{"line":162,"column":13}},{"start":{"line":160,"column":19},"end":{"line":162,"column":13}}]},"21":{"loc":{"start":{"line":156,"column":16},"end":{"line":158,"column":17}},"type":"if","locations":[{"start":{"line":156,"column":16},"end":{"line":158,"column":17}}]},"22":{"loc":{"start":{"line":167,"column":10},"end":{"line":178,"column":11}},"type":"if","locations":[{"start":{"line":167,"column":10},"end":{"line":178,"column":11}}]},"23":{"loc":{"start":{"line":174,"column":14},"end":{"line":176,"column":15}},"type":"if","locations":[{"start":{"line":174,"column":14},"end":{"line":176,"column":15}}]},"24":{"loc":{"start":{"line":182,"column":10},"end":{"line":188,"column":11}},"type":"if","locations":[{"start":{"line":182,"column":10},"end":{"line":188,"column":11}}]},"25":{"loc":{"start":{"line":185,"column":12},"end":{"line":187,"column":13}},"type":"if","locations":[{"start":{"line":185,"column":12},"end":{"line":187,"column":13}}]},"26":{"loc":{"start":{"line":191,"column":17},"end":{"line":191,"column":89}},"type":"cond-expr","locations":[{"start":{"line":191,"column":40},"end":{"line":191,"column":43}},{"start":{"line":191,"column":46},"end":{"line":191,"column":89}}]},"27":{"loc":{"start":{"line":192,"column":8},"end":{"line":194,"column":9}},"type":"if","locations":[{"start":{"line":192,"column":8},"end":{"line":194,"column":9}}]},"28":{"loc":{"start":{"line":201,"column":6},"end":{"line":204,"column":7}},"type":"if","locations":[{"start":{"line":201,"column":6},"end":{"line":204,"column":7}}]}},"s":{"0":1,"1":1,"2":1,"3":1,"4":1,"5":0,"6":0,"7":0,"8":0,"9":0,"10":0,"11":0,"12":0,"13":0,"14":0,"15":0,"16":0,"17":0,"18":0,"19":0,"20":0,"21":0,"22":0,"23":0,"24":0,"25":0,"26":0,"27":0,"28":0,"29":0,"30":0,"31":0,"32":0,"33":0,"34":0,"35":0,"36":0,"37":0,"38":0,"39":0,"40":0,"41":0,"42":0,"43":0,"44":0,"45":0,"46":0,"47":0,"48":0,"49":0,"50":0,"51":0,"52":0,"53":0,"54":0,"55":0,"56":0,"57":0,"58":0,"59":0,"60":0,"61":0,"62":0,"63":0,"64":0,"65":0,"66":0,"67":0,"68":0,"69":0,"70":0,"71":0,"72":0,"73":0,"74":0,"75":0,"76":0,"77":0,"78":0,"79":0,"80":0,"81":0,"82":0,"83":0,"84":0,"85":0,"86":0,"87":0,"88":0,"89":0,"90":0,"91":0,"92":0,"93":0,"94":0,"95":0,"96":0,"97":0,"98":0,"99":0,"100":0,"101":0,"102":0,"103":0,"104":0,"105":0,"106":0,"107":0,"108":0,"109":0,"110":0,"111":0,"112":0,"113":0,"114":0,"115":0,"116":0,"117":0,"118":0,"119":0,"120":0,"121":0,"122":0,"123":0,"124":0,"125":0},"f":{"0":0,"1":0,"2":0,"3":0,"4":0,"5":0,"6":0,"7":0,"8":0,"9":0,"10":0,"11":0,"12":0,"13":0,"14":0,"15":0,"16":0,"17":0,"18":0,"19":0,"20":0,"21":0,"22":0,"23":0,"24":0,"25":0},"b":{"0":[0,0],"1":[0],"2":[0],"3":[0],"4":[0],"5":[0],"6":[0],"7":[0,0],"8":[0],"9":[0],"10":[0],"11":[0,0],"12":[0],"13":[0],"14":[0],"15":[0],"16":[0,0],"17":[0],"18":[0],"19":[0,0],"20":[0,0],"21":[0],"22":[0],"23":[0],"24":[0],"25":[0],"26":[0,0],"27":[0],"28":[0]}}
,"/home/ubuntu/devintrade/trading-dashboard/src/lib/utils.ts": {"path":"/home/ubuntu/devintrade/trading-dashboard/src/lib/utils.ts","statementMap":{"0":{"start":{"line":4,"column":0},"end":{"line":4,"column":16}},"1":{"start":{"line":1,"column":0},"end":{"line":1,"column":44}},"2":{"start":{"line":2,"column":0},"end":{"line":2,"column":40}},"3":{"start":{"line":5,"column":2},"end":{"line":5,"column":null}}},"fnMap":{"0":{"name":"cn","decl":{"start":{"line":4,"column":16},"end":{"line":4,"column":18}},"loc":{"start":{"line":4,"column":42},"end":{"line":6,"column":1}}}},"branchMap":{},"s":{"0":1,"1":1,"2":1,"3":1272},"f":{"0":1272},"b":{}}
,"/home/ubuntu/devintrade/trading-dashboard/src/types/index.ts": {"path":"/home/ubuntu/devintrade/trading-dashboard/src/types/index.ts","statementMap":{"0":{"start":{"line":15,"column":13},"end":{"line":15,"column":null}},"1":{"start":{"line":19,"column":13},"end":{"line":19,"column":null}}},"fnMap":{},"branchMap":{},"s":{"0":1,"1":1},"f":{},"b":{}}
,"/home/ubuntu/devintrade/trading-dashboard/src/utils/mock-data.ts": {"path":"/home/ubuntu/devintrade/trading-dashboard/src/utils/mock-data.ts","statementMap":{"0":{"start":{"line":3,"column":40},"end":{"line":25,"column":1}},"1":{"start":{"line":4,"column":14},"end":{"line":4,"column":24}},"2":{"start":{"line":5,"column":17},"end":{"line":5,"column":19}},"3":{"start":{"line":6,"column":17},"end":{"line":6,"column":25}},"4":{"start":{"line":8,"column":2},"end":{"line":18,"column":3}},"5":{"start":{"line":10,"column":6},"end":{"line":10,"column":null}},"6":{"start":{"line":11,"column":6},"end":{"line":11,"column":11}},"7":{"start":{"line":13,"column":6},"end":{"line":13,"column":null}},"8":{"start":{"line":14,"column":6},"end":{"line":14,"column":11}},"9":{"start":{"line":16,"column":6},"end":{"line":16,"column":null}},"10":{"start":{"line":17,"column":6},"end":{"line":17,"column":11}},"11":{"start":{"line":20,"column":19},"end":{"line":20,"column":36}},"12":{"start":{"line":21,"column":2},"end":{"line":24,"column":null}},"13":{"start":{"line":21,"column":55},"end":{"line":24,"column":4}},"14":{"start":{"line":3,"column":13},"end":{"line":3,"column":40}}},"fnMap":{"0":{"name":"(anonymous_0)","decl":{"start":{"line":3,"column":40},"end":{"line":3,"column":41}},"loc":{"start":{"line":3,"column":75},"end":{"line":25,"column":1}}},"1":{"name":"(anonymous_1)","decl":{"start":{"line":21,"column":44},"end":{"line":21,"column":45}},"loc":{"start":{"line":21,"column":55},"end":{"line":24,"column":4}}}},"branchMap":{"0":{"loc":{"start":{"line":8,"column":2},"end":{"line":18,"column":3}},"type":"switch","locations":[{"start":{"line":9,"column":4},"end":{"line":11,"column":11}},{"start":{"line":12,"column":4},"end":{"line":14,"column":11}},{"start":{"line":15,"column":4},"end":{"line":17,"column":11}}]}},"s":{"0":1,"1":0,"2":0,"3":0,"4":0,"5":0,"6":0,"7":0,"8":0,"9":0,"10":0,"11":0,"12":0,"13":0,"14":1},"f":{"0":0,"1":0},"b":{"0":[0,0,0]}}
}
