TN:
SF:src/App.tsx
FN:5,(anonymous_0)
FNF:1
FNH:0
FNDA:0,(anonymous_0)
DA:1,0
DA:2,0
DA:3,0
DA:5,0
DA:6,0
DA:24,0
LF:6
LH:0
BRF:0
BRH:0
end_of_record
TN:
SF:src/components/ConnectionStatus.tsx
FN:8,(anonymous_1)
FN:16,(anonymous_2)
FN:23,(anonymous_3)
FN:30,(anonymous_4)
FNF:4
FNH:0
FNDA:0,(anonymous_1)
FNDA:0,(anonymous_2)
FNDA:0,(anonymous_3)
FNDA:0,(anonymous_4)
DA:1,0
DA:8,0
DA:12,0
DA:13,0
DA:14,0
DA:16,0
DA:17,0
DA:18,0
DA:19,0
DA:20,0
DA:23,0
DA:24,0
DA:25,0
DA:26,0
DA:27,0
DA:30,0
DA:31,0
DA:34,0
LF:18
LH:0
BRDA:12,0,0,0
BRDA:12,0,1,0
BRDA:13,1,0,0
BRDA:13,1,1,0
BRDA:14,2,0,0
BRDA:14,2,1,0
BRDA:17,3,0,0
BRDA:18,4,0,0
BRDA:19,5,0,0
BRDA:24,6,0,0
BRDA:25,7,0,0
BRDA:26,8,0,0
BRDA:31,9,0,0
BRDA:31,9,1,0
BRDA:31,10,0,0
BRDA:31,10,1,0
BRDA:42,11,0,0
BRDA:42,11,1,0
BRDA:42,11,2,0
BRDA:44,12,0,0
BRDA:44,12,1,0
BRDA:45,13,0,0
BRDA:45,13,1,0
BRF:23
BRH:0
end_of_record
TN:
SF:src/components/ErrorBoundary.tsx
FN:13,(anonymous_0)
FN:18,(anonymous_1)
FN:22,(anonymous_2)
FN:27,(anonymous_3)
FN:41,(anonymous_4)
FNF:5
FNH:4
FNDA:20,(anonymous_0)
FNDA:2,(anonymous_1)
FNDA:1,(anonymous_2)
FNDA:51,(anonymous_3)
FNDA:0,(anonymous_4)
DA:1,1
DA:2,1
DA:13,1
DA:14,19
DA:19,2
DA:23,1
DA:24,1
DA:28,51
DA:29,3
DA:41,0
DA:53,48
LF:11
LH:10
BRDA:28,0,0,3
BRDA:38,1,0,3
BRDA:38,1,1,0
BRF:3
BRH:2
end_of_record
TN:
SF:src/components/TradingDashboard.tsx
FN:20,(anonymous_6)
FN:23,(anonymous_7)
FN:26,(anonymous_8)
FN:49,(anonymous_9)
FN:50,(anonymous_10)
FN:56,(anonymous_11)
FN:72,(anonymous_12)
FN:76,(anonymous_13)
FN:77,(anonymous_14)
FN:86,(anonymous_15)
FN:91,(anonymous_16)
FN:98,(anonymous_17)
FN:101,(anonymous_18)
FN:106,(anonymous_19)
FN:121,(anonymous_20)
FN:124,(anonymous_21)
FN:133,(anonymous_22)
FN:138,(anonymous_23)
FN:143,(anonymous_24)
FN:145,(anonymous_25)
FN:163,(anonymous_26)
FN:166,(anonymous_27)
FN:167,(anonymous_28)
FN:175,(anonymous_29)
FN:185,(anonymous_30)
FN:197,(anonymous_31)
FN:213,(anonymous_32)
FN:226,(anonymous_33)
FN:245,(anonymous_34)
FN:273,(anonymous_35)
FN:291,(anonymous_36)
FN:300,(anonymous_37)
FN:305,(anonymous_38)
FN:311,(anonymous_39)
FN:316,(anonymous_40)
FN:352,(anonymous_41)
FN:416,(anonymous_42)
FN:444,(anonymous_43)
FN:459,(anonymous_44)
FN:479,(anonymous_45)
FN:492,(anonymous_46)
FN:494,(anonymous_47)
FN:503,(anonymous_48)
FN:509,(anonymous_49)
FN:511,(anonymous_50)
FN:557,(anonymous_51)
FN:589,(anonymous_52)
FN:593,(anonymous_53)
FN:615,(anonymous_54)
FN:618,(anonymous_55)
FN:660,(anonymous_56)
FN:686,(anonymous_57)
FN:691,(anonymous_58)
FN:702,(anonymous_59)
FNF:54
FNH:41
FNDA:216,(anonymous_6)
FNDA:43,(anonymous_7)
FNDA:52,(anonymous_8)
FNDA:28,(anonymous_9)
FNDA:28,(anonymous_10)
FNDA:22,(anonymous_11)
FNDA:0,(anonymous_12)
FNDA:0,(anonymous_13)
FNDA:0,(anonymous_14)
FNDA:10,(anonymous_15)
FNDA:22,(anonymous_16)
FNDA:7,(anonymous_17)
FNDA:22,(anonymous_18)
FNDA:21,(anonymous_19)
FNDA:6,(anonymous_20)
FNDA:21,(anonymous_21)
FNDA:1,(anonymous_22)
FNDA:0,(anonymous_23)
FNDA:3,(anonymous_24)
FNDA:3,(anonymous_25)
FNDA:17,(anonymous_26)
FNDA:0,(anonymous_27)
FNDA:0,(anonymous_28)
FNDA:17,(anonymous_29)
FNDA:23,(anonymous_30)
FNDA:15,(anonymous_31)
FNDA:48,(anonymous_32)
FNDA:30,(anonymous_33)
FNDA:0,(anonymous_34)
FNDA:48,(anonymous_35)
FNDA:48,(anonymous_36)
FNDA:0,(anonymous_37)
FNDA:81,(anonymous_38)
FNDA:0,(anonymous_39)
FNDA:108,(anonymous_40)
FNDA:0,(anonymous_41)
FNDA:12,(anonymous_42)
FNDA:12,(anonymous_43)
FNDA:12,(anonymous_44)
FNDA:14,(anonymous_45)
FNDA:19,(anonymous_46)
FNDA:11,(anonymous_47)
FNDA:19,(anonymous_48)
FNDA:9,(anonymous_49)
FNDA:9,(anonymous_50)
FNDA:27,(anonymous_51)
FNDA:0,(anonymous_52)
FNDA:144,(anonymous_53)
FNDA:192,(anonymous_54)
FNDA:1,(anonymous_55)
FNDA:0,(anonymous_56)
FNDA:0,(anonymous_57)
FNDA:144,(anonymous_58)
FNDA:13,(anonymous_59)
DA:1,1
DA:2,1
DA:3,1
DA:4,1
DA:5,1
DA:7,1
DA:8,1
DA:9,1
DA:20,1
DA:21,216
DA:23,1
DA:24,43
DA:26,1
DA:34,52
DA:35,52
DA:36,52
DA:37,52
DA:38,52
DA:39,52
DA:40,52
DA:41,52
DA:42,52
DA:45,52
DA:47,48
DA:49,48
DA:50,28
DA:51,28
DA:52,28
DA:56,48
DA:58,22
DA:60,22
DA:61,12
DA:62,12
DA:63,12
DA:66,10
DA:67,10
DA:69,10
DA:70,0
DA:71,0
DA:72,0
DA:73,0
DA:75,0
DA:76,0
DA:77,0
DA:81,10
DA:82,10
DA:83,10
DA:86,10
DA:87,10
DA:91,48
DA:94,22
DA:95,11
DA:97,11
DA:98,11
DA:101,22
DA:102,22
DA:106,48
DA:108,21
DA:110,21
DA:112,21
DA:113,11
DA:114,11
DA:117,21
DA:118,11
DA:120,10
DA:121,10
DA:124,21
DA:125,21
DA:126,21
DA:127,21
DA:128,21
DA:129,21
DA:133,48
DA:134,1
DA:135,1
DA:138,48
DA:139,0
DA:140,0
DA:143,48
DA:144,3
DA:145,3
DA:146,3
DA:147,3
DA:148,0
DA:149,0
DA:150,0
DA:152,3
DA:155,3
DA:156,3
DA:158,3
DA:159,3
DA:163,48
DA:165,17
DA:166,0
DA:167,0
DA:168,0
DA:169,0
DA:171,0
DA:175,17
DA:176,17
DA:180,48
DA:181,48
DA:182,48
DA:183,48
DA:185,48
DA:186,23
DA:187,10
DA:188,10
DA:189,10
DA:192,48
DA:197,48
DA:198,15
DA:199,0
DA:202,15
DA:203,3
DA:206,12
DA:207,0
DA:210,12
DA:213,48
DA:214,48
DA:216,15
DA:227,30
DA:246,0
DA:247,0
DA:248,0
DA:265,48
DA:266,48
DA:273,48
DA:274,48
DA:276,22
DA:291,48
DA:292,48
DA:294,27
DA:300,0
DA:306,81
DA:311,0
DA:317,108
DA:352,0
DA:416,12
DA:444,12
DA:459,12
DA:479,14
DA:492,48
DA:493,19
DA:494,11
DA:503,48
DA:504,19
DA:505,19
DA:506,10
DA:509,9
DA:510,9
DA:511,9
DA:512,9
DA:513,9
DA:514,9
DA:516,9
DA:523,48
DA:525,48
DA:557,27
DA:589,0
DA:594,144
DA:616,192
DA:618,1
DA:660,0
DA:686,0
DA:692,144
DA:703,13
LF:167
LH:139
BRDA:27,0,0,52
BRDA:28,1,0,52
BRDA:58,2,0,22
BRDA:58,2,1,13
BRDA:58,2,2,10
BRDA:58,2,3,10
BRDA:60,3,0,12
BRDA:69,4,0,0
BRDA:69,4,1,10
BRDA:70,5,0,0
BRDA:70,5,1,0
BRDA:70,6,0,0
BRDA:70,6,1,0
BRDA:75,7,0,0
BRDA:87,8,0,0
BRDA:94,9,0,11
BRDA:94,9,1,11
BRDA:94,10,0,22
BRDA:94,10,1,14
BRDA:94,10,2,11
BRDA:94,10,3,11
BRDA:102,11,0,11
BRDA:108,12,0,21
BRDA:108,12,1,13
BRDA:112,13,0,11
BRDA:112,14,0,21
BRDA:112,14,1,13
BRDA:113,15,0,11
BRDA:113,15,1,3
BRDA:114,16,0,11
BRDA:117,17,0,11
BRDA:117,17,1,10
BRDA:117,18,0,21
BRDA:117,18,1,10
BRDA:117,18,2,10
BRDA:125,19,0,10
BRDA:144,20,0,3
BRDA:144,21,0,3
BRDA:144,21,1,3
BRDA:147,22,0,0
BRDA:158,23,0,3
BRDA:159,24,0,3
BRDA:165,25,0,0
BRDA:168,26,0,0
BRDA:176,27,0,0
BRDA:180,28,0,48
BRDA:180,28,1,36
BRDA:181,29,0,48
BRDA:181,29,1,36
BRDA:182,30,0,48
BRDA:182,30,1,12
BRDA:183,31,0,48
BRDA:183,31,1,36
BRDA:183,31,2,45
BRDA:183,31,3,12
BRDA:186,32,0,13
BRDA:186,33,0,23
BRDA:186,33,1,23
BRDA:187,34,0,0
BRDA:187,35,0,10
BRDA:187,35,1,0
BRDA:188,36,0,0
BRDA:188,37,0,10
BRDA:188,37,1,10
BRDA:192,38,0,0
BRDA:192,38,1,48
BRDA:193,39,0,12
BRDA:193,39,1,36
BRDA:193,40,0,48
BRDA:193,40,1,12
BRDA:194,41,0,3
BRDA:194,41,1,33
BRDA:198,42,0,0
BRDA:202,43,0,3
BRDA:203,44,0,3
BRDA:203,44,1,0
BRDA:206,45,0,0
BRDA:210,46,0,3
BRDA:210,46,1,9
BRDA:214,47,0,33
BRDA:227,48,0,15
BRDA:227,48,1,15
BRDA:237,49,0,15
BRDA:237,49,1,15
BRDA:239,50,0,0
BRDA:239,50,1,15
BRDA:241,51,0,15
BRDA:241,51,1,0
BRDA:265,52,0,48
BRDA:265,52,1,16
BRDA:265,52,2,4
BRDA:265,52,3,4
BRDA:265,52,4,44
BRDA:265,52,5,15
BRDA:265,52,6,0
BRDA:265,52,7,0
BRDA:265,52,8,44
BRDA:265,52,9,31
BRDA:266,53,0,12
BRDA:266,53,1,36
BRDA:266,54,0,48
BRDA:266,54,1,12
BRDA:267,55,0,0
BRDA:267,55,1,36
BRDA:268,56,0,3
BRDA:268,56,1,33
BRDA:269,57,0,12
BRDA:269,57,1,21
BRDA:270,58,0,5
BRDA:270,58,1,16
BRDA:271,59,0,2
BRDA:271,59,1,14
BRDA:274,60,0,26
BRDA:274,61,0,48
BRDA:274,61,1,22
BRDA:292,62,0,21
BRDA:292,63,0,48
BRDA:292,63,1,22
BRDA:323,64,0,15
BRDA:323,64,1,12
BRDA:323,65,0,27
BRDA:323,65,1,17
BRDA:383,66,0,12
BRDA:383,66,1,15
BRDA:387,67,0,12
BRDA:387,67,1,15
BRDA:470,68,0,27
BRDA:470,68,1,0
BRDA:479,69,0,12
BRDA:479,69,1,15
BRDA:493,70,0,10
BRDA:493,71,0,19
BRDA:493,71,1,10
BRDA:494,72,0,0
BRDA:494,72,1,9
BRDA:505,73,0,10
BRDA:505,74,0,19
BRDA:505,74,1,19
BRDA:514,75,0,9
BRDA:514,75,1,0
BRDA:523,76,0,0
BRDA:523,77,0,0
BRDA:523,78,0,0
BRDA:523,79,0,48
BRDA:523,79,1,0
BRDA:539,80,0,48
BRDA:539,80,1,0
BRDA:541,81,0,48
BRDA:541,81,1,0
BRDA:552,82,0,48
BRDA:552,82,1,0
BRDA:557,83,0,25
BRDA:557,83,1,23
BRDA:566,84,0,48
BRDA:566,84,1,23
BRDA:610,85,0,28
BRDA:610,85,1,20
BRDA:610,86,0,48
BRDA:610,86,1,32
BRDA:620,87,0,48
BRDA:620,87,1,144
BRDA:636,88,0,48
BRDA:636,88,1,32
BRDA:636,88,2,27
BRDA:646,89,0,48
BRDA:646,89,1,16
BRDA:698,90,0,19
BRDA:698,90,1,29
BRDA:715,91,0,13
BRDA:715,91,1,0
BRDA:723,92,0,48
BRDA:723,92,1,29
BRDA:723,92,2,29
BRDA:723,92,3,16
BRF:174
BRH:140
end_of_record
TN:
SF:src/components/theme-provider.tsx
FN:18,(anonymous_0)
FN:23,ThemeProvider
FN:30,(anonymous_2)
FN:33,(anonymous_3)
FN:51,(anonymous_4)
FN:64,(anonymous_5)
FNF:6
FNH:3
FNDA:0,(anonymous_0)
FNDA:18,ThemeProvider
FNDA:18,(anonymous_2)
FNDA:17,(anonymous_3)
FNDA:0,(anonymous_4)
FNDA:0,(anonymous_5)
DA:1,1
DA:16,1
DA:18,0
DA:21,1
DA:23,1
DA:29,18
DA:30,18
DA:33,18
DA:34,17
DA:35,17
DA:37,17
DA:38,0
DA:42,0
DA:43,0
DA:46,17
DA:49,18
DA:52,0
DA:53,0
DA:57,18
DA:64,1
DA:65,0
DA:67,0
DA:68,0
DA:70,0
LF:24
LH:14
BRDA:25,0,0,0
BRDA:26,1,0,0
BRDA:30,2,0,18
BRDA:30,2,1,18
BRDA:37,3,0,0
BRDA:38,4,0,0
BRDA:38,4,1,0
BRDA:67,5,0,0
BRF:8
BRH:2
end_of_record
TN:
SF:src/components/ui/accordion.tsx
FN:12,(anonymous_6)
FN:24,(anonymous_7)
FN:44,(anonymous_8)
FNF:3
FNH:0
FNDA:0,(anonymous_6)
FNDA:0,(anonymous_7)
FNDA:0,(anonymous_8)
DA:1,0
DA:2,0
DA:3,0
DA:5,0
DA:7,0
DA:9,0
DA:13,0
DA:19,0
DA:21,0
DA:25,0
DA:39,0
DA:41,0
DA:45,0
DA:53,0
DA:55,0
LF:15
LH:0
BRF:0
BRH:0
end_of_record
TN:
SF:src/components/ui/alert-dialog.tsx
FN:16,(anonymous_6)
FN:31,(anonymous_7)
FN:46,(anonymous_8)
FN:60,(anonymous_9)
FN:77,(anonymous_10)
FN:89,(anonymous_11)
FN:102,(anonymous_12)
FN:114,(anonymous_13)
FNF:8
FNH:0
FNDA:0,(anonymous_6)
FNDA:0,(anonymous_7)
FNDA:0,(anonymous_8)
FNDA:0,(anonymous_9)
FNDA:0,(anonymous_10)
FNDA:0,(anonymous_11)
FNDA:0,(anonymous_12)
FNDA:0,(anonymous_13)
DA:1,0
DA:2,0
DA:4,0
DA:5,0
DA:7,0
DA:9,0
DA:11,0
DA:13,0
DA:17,0
DA:26,0
DA:28,0
DA:32,0
DA:44,0
DA:46,0
DA:50,0
DA:58,0
DA:60,0
DA:64,0
DA:72,0
DA:74,0
DA:78,0
DA:84,0
DA:86,0
DA:90,0
DA:96,0
DA:99,0
DA:103,0
DA:109,0
DA:111,0
DA:115,0
DA:125,0
DA:128,0
DA:129,0
DA:130,0
DA:131,0
DA:132,0
DA:133,0
DA:134,0
DA:135,0
DA:136,0
DA:137,0
DA:138,0
LF:42
LH:0
BRF:0
BRH:0
end_of_record
TN:
SF:src/components/ui/alert.tsx
FN:25,(anonymous_6)
FN:38,(anonymous_7)
FN:50,(anonymous_8)
FNF:3
FNH:0
FNDA:0,(anonymous_6)
FNDA:0,(anonymous_7)
FNDA:0,(anonymous_8)
DA:1,0
DA:2,0
DA:4,0
DA:6,0
DA:22,0
DA:26,0
DA:33,0
DA:35,0
DA:39,0
DA:45,0
DA:47,0
DA:51,0
DA:57,0
DA:59,0
LF:14
LH:0
BRF:0
BRH:0
end_of_record
TN:
SF:src/components/ui/aspect-ratio.tsx
FNF:0
FNH:0
DA:1,0
DA:3,0
DA:5,0
LF:3
LH:0
BRF:0
BRH:0
end_of_record
TN:
SF:src/components/ui/avatar.tsx
FN:11,(anonymous_6)
FN:26,(anonymous_7)
FN:38,(anonymous_8)
FNF:3
FNH:0
FNDA:0,(anonymous_6)
FNDA:0,(anonymous_7)
FNDA:0,(anonymous_8)
DA:3,0
DA:4,0
DA:6,0
DA:8,0
DA:12,0
DA:21,0
DA:23,0
DA:27,0
DA:33,0
DA:35,0
DA:39,0
DA:48,0
DA:50,0
LF:13
LH:0
BRF:0
BRH:0
end_of_record
TN:
SF:src/components/ui/badge.tsx
FN:30,Badge
FNF:1
FNH:0
FNDA:0,Badge
DA:1,0
DA:2,0
DA:4,0
DA:6,0
DA:31,0
DA:36,0
LF:6
LH:0
BRF:0
BRH:0
end_of_record
TN:
SF:src/components/ui/breadcrumb.tsx
FN:12,(anonymous_6)
FN:18,(anonymous_7)
FN:33,(anonymous_8)
FN:47,(anonymous_9)
FN:63,(anonymous_10)
FN:75,(anonymous_11)
FN:91,(anonymous_12)
FNF:7
FNH:0
FNDA:0,(anonymous_6)
FNDA:0,(anonymous_7)
FNDA:0,(anonymous_8)
FNDA:0,(anonymous_9)
FNDA:0,(anonymous_10)
FNDA:0,(anonymous_11)
FNDA:0,(anonymous_12)
DA:1,0
DA:2,0
DA:3,0
DA:5,0
DA:7,0
DA:12,0
DA:13,0
DA:15,0
DA:19,0
DA:28,0
DA:30,0
DA:34,0
DA:40,0
DA:42,0
DA:48,0
DA:50,0
DA:58,0
DA:60,0
DA:64,0
DA:73,0
DA:75,0
DA:80,0
DA:89,0
DA:91,0
DA:95,0
DA:105,0
DA:108,0
DA:109,0
DA:110,0
DA:111,0
DA:112,0
DA:113,0
DA:114,0
LF:33
LH:0
BRDA:48,0,0,0
BRDA:48,0,1,0
BRDA:86,1,0,0
BRDA:86,1,1,0
BRF:4
BRH:0
end_of_record
TN:
SF:src/components/ui/button.tsx
FN:44,(anonymous_6)
FNF:1
FNH:0
FNDA:0,(anonymous_6)
DA:1,0
DA:2,0
DA:3,0
DA:5,0
DA:7,0
DA:43,0
DA:45,0
DA:46,0
DA:55,0
DA:57,0
LF:10
LH:0
BRDA:44,0,0,0
BRDA:45,1,0,0
BRDA:45,1,1,0
BRF:3
BRH:0
end_of_record
TN:
SF:src/components/ui/card.tsx
FN:8,(anonymous_6)
FN:24,(anonymous_7)
FN:36,(anonymous_8)
FN:51,(anonymous_9)
FNF:4
FNH:4
FNDA:356,(anonymous_6)
FNDA:142,(anonymous_7)
FNDA:142,(anonymous_8)
FNDA:356,(anonymous_9)
DA:1,1
DA:3,1
DA:5,1
DA:9,356
DA:19,1
DA:21,1
DA:25,142
DA:31,1
DA:33,1
DA:37,142
DA:46,1
DA:48,1
DA:52,356
DA:54,1
DA:56,1
LF:15
LH:15
BRF:0
BRH:0
end_of_record
TN:
SF:src/components/ui/carousel.tsx
FN:33,useCarousel
FN:47,(anonymous_8)
FN:69,(anonymous_9)
FN:78,(anonymous_10)
FN:82,(anonymous_11)
FN:87,(anonymous_12)
FN:99,(anonymous_13)
FN:107,(anonymous_14)
FN:116,(anonymous_15)
FN:154,(anonymous_16)
FN:176,(anonymous_17)
FN:198,(anonymous_18)
FN:227,(anonymous_19)
FNF:13
FNH:0
FNDA:0,useCarousel
FNDA:0,(anonymous_8)
FNDA:0,(anonymous_9)
FNDA:0,(anonymous_10)
FNDA:0,(anonymous_11)
FNDA:0,(anonymous_12)
FNDA:0,(anonymous_13)
FNDA:0,(anonymous_14)
FNDA:0,(anonymous_15)
FNDA:0,(anonymous_16)
FNDA:0,(anonymous_17)
FNDA:0,(anonymous_18)
FNDA:0,(anonymous_19)
DA:1,0
DA:2,0
DA:5,0
DA:7,0
DA:8,0
DA:31,0
DA:34,0
DA:36,0
DA:37,0
DA:40,0
DA:43,0
DA:59,0
DA:66,0
DA:67,0
DA:69,0
DA:70,0
DA:71,0
DA:74,0
DA:75,0
DA:78,0
DA:79,0
DA:82,0
DA:83,0
DA:86,0
DA:88,0
DA:89,0
DA:90,0
DA:91,0
DA:92,0
DA:93,0
DA:99,0
DA:100,0
DA:101,0
DA:104,0
DA:107,0
DA:108,0
DA:109,0
DA:112,0
DA:113,0
DA:114,0
DA:116,0
DA:117,0
DA:121,0
DA:149,0
DA:151,0
DA:155,0
DA:157,0
DA:171,0
DA:173,0
DA:177,0
DA:179,0
DA:193,0
DA:195,0
DA:199,0
DA:201,0
DA:222,0
DA:224,0
DA:228,0
DA:230,0
DA:251,0
DA:255,0
DA:256,0
DA:257,0
DA:258,0
DA:259,0
LF:65
LH:0
BRDA:36,0,0,0
BRDA:49,1,0,0
BRDA:62,2,0,0
BRDA:62,2,1,0
BRDA:70,3,0,0
BRDA:88,4,0,0
BRDA:88,4,1,0
BRDA:91,5,0,0
BRDA:100,6,0,0
BRDA:100,7,0,0
BRDA:100,7,1,0
BRDA:108,8,0,0
BRDA:128,9,0,0
BRDA:128,9,1,0
BRDA:128,10,0,0
BRDA:128,10,1,0
BRDA:163,11,0,0
BRDA:163,11,1,0
BRDA:186,12,0,0
BRDA:186,12,1,0
BRDA:198,13,0,0
BRDA:198,14,0,0
BRDA:208,15,0,0
BRDA:208,15,1,0
BRDA:227,16,0,0
BRDA:227,17,0,0
BRDA:237,18,0,0
BRDA:237,18,1,0
BRF:28
BRH:0
end_of_record
TN:
SF:src/components/ui/checkbox.tsx
FN:10,(anonymous_6)
FNF:1
FNH:0
FNDA:0,(anonymous_6)
DA:1,0
DA:2,0
DA:3,0
DA:5,0
DA:7,0
DA:11,0
DA:26,0
DA:28,0
LF:8
LH:0
BRF:0
BRH:0
end_of_record
TN:
SF:src/components/ui/collapsible.tsx
FNF:0
FNH:0
DA:3,0
DA:5,0
DA:7,0
DA:9,0
DA:11,0
LF:5
LH:0
BRF:0
BRH:0
end_of_record
TN:
SF:src/components/ui/command.tsx
FN:12,(anonymous_6)
FN:24,(anonymous_7)
FN:39,(anonymous_8)
FN:58,(anonymous_9)
FN:71,(anonymous_10)
FN:84,(anonymous_11)
FN:100,(anonymous_12)
FN:112,(anonymous_13)
FN:125,(anonymous_14)
FNF:9
FNH:0
FNDA:0,(anonymous_6)
FNDA:0,(anonymous_7)
FNDA:0,(anonymous_8)
FNDA:0,(anonymous_9)
FNDA:0,(anonymous_10)
FNDA:0,(anonymous_11)
FNDA:0,(anonymous_12)
FNDA:0,(anonymous_13)
FNDA:0,(anonymous_14)
DA:1,0
DA:3,0
DA:4,0
DA:6,0
DA:7,0
DA:9,0
DA:13,0
DA:22,0
DA:24,0
DA:25,0
DA:36,0
DA:40,0
DA:53,0
DA:55,0
DA:59,0
DA:66,0
DA:68,0
DA:72,0
DA:79,0
DA:81,0
DA:85,0
DA:95,0
DA:97,0
DA:101,0
DA:107,0
DA:109,0
DA:113,0
DA:123,0
DA:125,0
DA:129,0
DA:139,0
DA:142,0
DA:143,0
DA:144,0
DA:145,0
DA:146,0
DA:147,0
DA:148,0
DA:149,0
DA:150,0
LF:40
LH:0
BRF:0
BRH:0
end_of_record
TN:
SF:src/components/ui/context-menu.tsx
FN:24,(anonymous_6)
FN:43,(anonymous_7)
FN:58,(anonymous_8)
FN:77,(anonymous_9)
FN:93,(anonymous_10)
FN:117,(anonymous_11)
FN:141,(anonymous_12)
FN:157,(anonymous_13)
FN:166,(anonymous_14)
FNF:9
FNH:0
FNDA:0,(anonymous_6)
FNDA:0,(anonymous_7)
FNDA:0,(anonymous_8)
FNDA:0,(anonymous_9)
FNDA:0,(anonymous_10)
FNDA:0,(anonymous_11)
FNDA:0,(anonymous_12)
FNDA:0,(anonymous_13)
FNDA:0,(anonymous_14)
DA:1,0
DA:2,0
DA:3,0
DA:5,0
DA:7,0
DA:9,0
DA:11,0
DA:13,0
DA:15,0
DA:17,0
DA:19,0
DA:25,0
DA:38,0
DA:40,0
DA:44,0
DA:53,0
DA:55,0
DA:59,0
DA:70,0
DA:72,0
DA:78,0
DA:88,0
DA:90,0
DA:94,0
DA:111,0
DA:114,0
DA:118,0
DA:134,0
DA:136,0
DA:142,0
DA:152,0
DA:154,0
DA:158,0
DA:164,0
DA:166,0
DA:170,0
DA:180,0
DA:183,0
DA:184,0
DA:185,0
DA:186,0
DA:187,0
DA:188,0
DA:189,0
DA:190,0
DA:191,0
DA:192,0
DA:193,0
DA:194,0
DA:195,0
DA:196,0
DA:197,0
LF:52
LH:0
BRDA:29,0,0,0
BRDA:29,0,1,0
BRDA:82,1,0,0
BRDA:82,1,1,0
BRDA:146,2,0,0
BRDA:146,2,1,0
BRF:6
BRH:0
end_of_record
TN:
SF:src/components/ui/dialog.tsx
FN:20,(anonymous_6)
FN:35,(anonymous_7)
FN:56,(anonymous_8)
FN:70,(anonymous_9)
FN:87,(anonymous_10)
FN:102,(anonymous_11)
FNF:6
FNH:0
FNDA:0,(anonymous_6)
FNDA:0,(anonymous_7)
FNDA:0,(anonymous_8)
FNDA:0,(anonymous_9)
FNDA:0,(anonymous_10)
FNDA:0,(anonymous_11)
DA:3,0
DA:4,0
DA:5,0
DA:7,0
DA:9,0
DA:11,0
DA:13,0
DA:15,0
DA:17,0
DA:21,0
DA:30,0
DA:32,0
DA:36,0
DA:54,0
DA:56,0
DA:60,0
DA:68,0
DA:70,0
DA:74,0
DA:82,0
DA:84,0
DA:88,0
DA:97,0
DA:99,0
DA:103,0
DA:109,0
DA:112,0
DA:113,0
DA:114,0
DA:115,0
DA:116,0
DA:117,0
DA:118,0
DA:119,0
DA:120,0
DA:121,0
LF:36
LH:0
BRF:0
BRH:0
end_of_record
TN:
SF:src/components/ui/drawer.tsx
FN:8,(anonymous_6)
FN:28,(anonymous_7)
FN:40,(anonymous_8)
FN:58,(anonymous_9)
FN:69,(anonymous_10)
FN:83,(anonymous_11)
FN:98,(anonymous_12)
FNF:7
FNH:0
FNDA:0,(anonymous_6)
FNDA:0,(anonymous_7)
FNDA:0,(anonymous_8)
FNDA:0,(anonymous_9)
FNDA:0,(anonymous_10)
FNDA:0,(anonymous_11)
FNDA:0,(anonymous_12)
DA:3,0
DA:4,0
DA:6,0
DA:8,0
DA:12,0
DA:17,0
DA:19,0
DA:21,0
DA:23,0
DA:25,0
DA:29,0
DA:35,0
DA:37,0
DA:41,0
DA:56,0
DA:58,0
DA:62,0
DA:67,0
DA:69,0
DA:73,0
DA:78,0
DA:80,0
DA:84,0
DA:93,0
DA:95,0
DA:99,0
DA:105,0
DA:108,0
DA:109,0
DA:110,0
DA:111,0
DA:112,0
DA:113,0
DA:114,0
DA:115,0
DA:116,0
DA:117,0
LF:37
LH:0
BRDA:9,0,0,0
BRF:1
BRH:0
end_of_record
TN:
SF:src/components/ui/dropdown-menu.tsx
FN:24,(anonymous_6)
FN:44,(anonymous_7)
FN:60,(anonymous_8)
FN:81,(anonymous_9)
FN:97,(anonymous_10)
FN:121,(anonymous_11)
FN:145,(anonymous_12)
FN:161,(anonymous_13)
FN:170,(anonymous_14)
FNF:9
FNH:0
FNDA:0,(anonymous_6)
FNDA:0,(anonymous_7)
FNDA:0,(anonymous_8)
FNDA:0,(anonymous_9)
FNDA:0,(anonymous_10)
FNDA:0,(anonymous_11)
FNDA:0,(anonymous_12)
FNDA:0,(anonymous_13)
FNDA:0,(anonymous_14)
DA:1,0
DA:2,0
DA:3,0
DA:5,0
DA:7,0
DA:9,0
DA:11,0
DA:13,0
DA:15,0
DA:17,0
DA:19,0
DA:25,0
DA:38,0
DA:41,0
DA:45,0
DA:54,0
DA:57,0
DA:61,0
DA:74,0
DA:76,0
DA:82,0
DA:92,0
DA:94,0
DA:98,0
DA:115,0
DA:118,0
DA:122,0
DA:138,0
DA:140,0
DA:146,0
DA:156,0
DA:158,0
DA:162,0
DA:168,0
DA:170,0
DA:174,0
DA:181,0
DA:184,0
DA:185,0
DA:186,0
DA:187,0
DA:188,0
DA:189,0
DA:190,0
DA:191,0
DA:192,0
DA:193,0
DA:194,0
DA:195,0
DA:196,0
DA:197,0
DA:198,0
LF:52
LH:0
BRDA:29,0,0,0
BRDA:29,0,1,0
BRDA:60,1,0,0
BRDA:86,2,0,0
BRDA:86,2,1,0
BRDA:150,3,0,0
BRDA:150,3,1,0
BRF:7
BRH:0
end_of_record
TN:
SF:src/components/ui/form.tsx
FN:31,(anonymous_6)
FN:44,(anonymous_7)
FN:78,(anonymous_8)
FN:92,(anonymous_9)
FN:109,(anonymous_10)
FN:131,(anonymous_11)
FN:148,(anonymous_12)
FNF:7
FNH:0
FNDA:0,(anonymous_6)
FNDA:0,(anonymous_7)
FNDA:0,(anonymous_8)
FNDA:0,(anonymous_9)
FNDA:0,(anonymous_10)
FNDA:0,(anonymous_11)
FNDA:0,(anonymous_12)
DA:3,0
DA:5,0
DA:6,0
DA:15,0
DA:16,0
DA:18,0
DA:27,0
DA:31,0
DA:37,0
DA:44,0
DA:45,0
DA:46,0
DA:47,0
DA:49,0
DA:51,0
DA:52,0
DA:55,0
DA:57,0
DA:71,0
DA:75,0
DA:79,0
DA:81,0
DA:87,0
DA:89,0
DA:93,0
DA:95,0
DA:104,0
DA:106,0
DA:110,0
DA:112,0
DA:126,0
DA:128,0
DA:132,0
DA:134,0
DA:143,0
DA:145,0
DA:149,0
DA:150,0
DA:152,0
DA:153,0
DA:156,0
DA:167,0
DA:170,0
DA:171,0
DA:172,0
DA:173,0
DA:174,0
DA:175,0
DA:176,0
DA:177,0
LF:50
LH:0
BRDA:51,0,0,0
BRDA:98,1,0,0
BRDA:98,1,1,0
BRDA:117,2,0,0
BRDA:117,2,1,0
BRDA:150,3,0,0
BRDA:150,3,1,0
BRDA:152,4,0,0
BRF:8
BRH:0
end_of_record
TN:
SF:src/components/ui/hover-card.tsx
FN:15,(anonymous_6)
FNF:1
FNH:0
FNDA:0,(anonymous_6)
DA:3,0
DA:4,0
DA:6,0
DA:8,0
DA:10,0
DA:12,0
DA:16,0
DA:27,0
DA:29,0
LF:9
LH:0
BRDA:15,0,0,0
BRDA:15,1,0,0
BRF:2
BRH:0
end_of_record
TN:
SF:src/components/ui/input-otp.tsx
FN:10,(anonymous_6)
FN:26,(anonymous_7)
FN:34,(anonymous_8)
FN:62,(anonymous_9)
FNF:4
FNH:0
FNDA:0,(anonymous_6)
FNDA:0,(anonymous_7)
FNDA:0,(anonymous_8)
FNDA:0,(anonymous_9)
DA:1,0
DA:2,0
DA:3,0
DA:5,0
DA:7,0
DA:11,0
DA:21,0
DA:23,0
DA:27,0
DA:29,0
DA:31,0
DA:35,0
DA:36,0
DA:38,0
DA:57,0
DA:59,0
DA:63,0
DA:67,0
DA:69,0
LF:19
LH:0
BRDA:43,0,0,0
BRDA:43,0,1,0
BRDA:49,1,0,0
BRDA:49,1,1,0
BRF:4
BRH:0
end_of_record
TN:
SF:src/components/ui/input.tsx
FN:6,(anonymous_6)
FNF:1
FNH:0
FNDA:0,(anonymous_6)
DA:1,0
DA:3,0
DA:5,0
DA:7,0
DA:20,0
DA:22,0
LF:6
LH:0
BRF:0
BRH:0
end_of_record
TN:
SF:src/components/ui/label.tsx
FN:15,(anonymous_6)
FNF:1
FNH:0
FNDA:0,(anonymous_6)
DA:1,0
DA:2,0
DA:3,0
DA:5,0
DA:7,0
DA:11,0
DA:16,0
DA:22,0
DA:24,0
LF:9
LH:0
BRF:0
BRH:0
end_of_record
TN:
SF:src/components/ui/menubar.tsx
FN:22,(anonymous_6)
FN:37,(anonymous_7)
FN:54,(anonymous_8)
FN:73,(anonymous_9)
FN:89,(anonymous_10)
FN:115,(anonymous_11)
FN:131,(anonymous_12)
FN:154,(anonymous_13)
FN:178,(anonymous_14)
FN:194,(anonymous_15)
FN:203,(anonymous_16)
FNF:11
FNH:0
FNDA:0,(anonymous_6)
FNDA:0,(anonymous_7)
FNDA:0,(anonymous_8)
FNDA:0,(anonymous_9)
FNDA:0,(anonymous_10)
FNDA:0,(anonymous_11)
FNDA:0,(anonymous_12)
FNDA:0,(anonymous_13)
FNDA:0,(anonymous_14)
FNDA:0,(anonymous_15)
FNDA:0,(anonymous_16)
DA:3,0
DA:4,0
DA:5,0
DA:7,0
DA:9,0
DA:11,0
DA:13,0
DA:15,0
DA:17,0
DA:19,0
DA:23,0
DA:32,0
DA:34,0
DA:38,0
DA:47,0
DA:49,0
DA:55,0
DA:68,0
DA:70,0
DA:74,0
DA:83,0
DA:85,0
DA:93,0
DA:108,0
DA:110,0
DA:116,0
DA:126,0
DA:128,0
DA:132,0
DA:149,0
DA:151,0
DA:155,0
DA:171,0
DA:173,0
DA:179,0
DA:189,0
DA:191,0
DA:195,0
DA:201,0
DA:203,0
DA:207,0
DA:217,0
DA:220,0
DA:221,0
DA:222,0
DA:223,0
DA:224,0
DA:225,0
DA:226,0
DA:227,0
DA:228,0
DA:229,0
DA:230,0
DA:231,0
DA:232,0
DA:233,0
DA:234,0
DA:235,0
LF:58
LH:0
BRDA:59,0,0,0
BRDA:59,0,1,0
BRDA:90,1,0,0
BRDA:90,2,0,0
BRDA:90,3,0,0
BRDA:120,4,0,0
BRDA:120,4,1,0
BRDA:183,5,0,0
BRDA:183,5,1,0
BRF:9
BRH:0
end_of_record
TN:
SF:src/components/ui/navigation-menu.tsx
FN:11,(anonymous_6)
FN:29,(anonymous_7)
FN:50,(anonymous_8)
FN:68,(anonymous_9)
FN:85,(anonymous_10)
FN:103,(anonymous_11)
FNF:6
FNH:0
FNDA:0,(anonymous_6)
FNDA:0,(anonymous_7)
FNDA:0,(anonymous_8)
FNDA:0,(anonymous_9)
FNDA:0,(anonymous_10)
FNDA:0,(anonymous_11)
DA:1,0
DA:2,0
DA:3,0
DA:4,0
DA:6,0
DA:8,0
DA:12,0
DA:24,0
DA:26,0
DA:30,0
DA:39,0
DA:41,0
DA:43,0
DA:47,0
DA:51,0
DA:63,0
DA:65,0
DA:69,0
DA:78,0
DA:80,0
DA:82,0
DA:86,0
DA:97,0
DA:100,0
DA:104,0
DA:115,0
DA:119,0
DA:120,0
DA:121,0
DA:122,0
DA:123,0
DA:124,0
DA:125,0
DA:126,0
DA:127,0
LF:35
LH:0
BRF:0
BRH:0
end_of_record
TN:
SF:src/components/ui/pagination.tsx
FN:7,(anonymous_6)
FN:20,(anonymous_7)
FN:32,(anonymous_8)
FN:42,(anonymous_9)
FN:62,(anonymous_10)
FN:78,(anonymous_11)
FN:94,(anonymous_12)
FNF:7
FNH:0
FNDA:0,(anonymous_6)
FNDA:0,(anonymous_7)
FNDA:0,(anonymous_8)
FNDA:0,(anonymous_9)
FNDA:0,(anonymous_10)
FNDA:0,(anonymous_11)
FNDA:0,(anonymous_12)
DA:1,0
DA:2,0
DA:4,0
DA:5,0
DA:7,0
DA:8,0
DA:15,0
DA:17,0
DA:21,0
DA:27,0
DA:29,0
DA:33,0
DA:35,0
DA:42,0
DA:48,0
DA:60,0
DA:62,0
DA:66,0
DA:76,0
DA:78,0
DA:82,0
DA:92,0
DA:94,0
DA:98,0
DA:107,0
DA:110,0
DA:111,0
DA:112,0
DA:113,0
DA:114,0
DA:115,0
DA:116,0
LF:32
LH:0
BRDA:45,0,0,0
BRDA:49,1,0,0
BRDA:49,1,1,0
BRDA:52,2,0,0
BRDA:52,2,1,0
BRF:5
BRH:0
end_of_record
TN:
SF:src/components/ui/popover.tsx
FN:15,(anonymous_6)
FNF:1
FNH:0
FNDA:0,(anonymous_6)
DA:1,0
DA:2,0
DA:4,0
DA:6,0
DA:8,0
DA:10,0
DA:12,0
DA:16,0
DA:29,0
DA:31,0
LF:10
LH:0
BRDA:15,0,0,0
BRDA:15,1,0,0
BRF:2
BRH:0
end_of_record
TN:
SF:src/components/ui/progress.tsx
FN:11,(anonymous_6)
FNF:1
FNH:0
FNDA:0,(anonymous_6)
DA:3,0
DA:4,0
DA:6,0
DA:8,0
DA:12,0
DA:26,0
DA:28,0
LF:7
LH:0
BRDA:22,0,0,0
BRDA:22,0,1,0
BRF:2
BRH:0
end_of_record
TN:
SF:src/components/ui/radio-group.tsx
FN:10,(anonymous_6)
FN:24,(anonymous_7)
FNF:2
FNH:0
FNDA:0,(anonymous_6)
FNDA:0,(anonymous_7)
DA:1,0
DA:2,0
DA:3,0
DA:5,0
DA:7,0
DA:11,0
DA:19,0
DA:21,0
DA:25,0
DA:40,0
DA:42,0
LF:11
LH:0
BRF:0
BRH:0
end_of_record
TN:
SF:src/components/ui/resizable.tsx
FN:8,(anonymous_6)
FN:23,(anonymous_7)
FNF:2
FNH:0
FNDA:0,(anonymous_6)
FNDA:0,(anonymous_7)
DA:3,0
DA:4,0
DA:6,0
DA:8,0
DA:12,0
DA:21,0
DA:23,0
DA:30,0
DA:45,0
LF:9
LH:0
BRDA:37,0,0,0
BRDA:37,0,1,0
BRF:2
BRH:0
end_of_record
TN:
SF:src/components/ui/scroll-area.tsx
FN:9,(anonymous_6)
FN:27,(anonymous_7)
FNF:2
FNH:0
FNDA:0,(anonymous_6)
FNDA:0,(anonymous_7)
DA:1,0
DA:2,0
DA:4,0
DA:6,0
DA:10,0
DA:22,0
DA:24,0
DA:28,0
DA:44,0
DA:46,0
LF:10
LH:0
BRDA:27,0,0,0
BRDA:33,1,0,0
BRDA:33,1,1,0
BRDA:35,2,0,0
BRDA:35,2,1,0
BRF:5
BRH:0
end_of_record
TN:
SF:src/components/ui/select.tsx
FN:18,(anonymous_6)
FN:38,(anonymous_7)
FN:55,(anonymous_8)
FN:73,(anonymous_9)
FN:105,(anonymous_10)
FN:117,(anonymous_11)
FN:139,(anonymous_12)
FNF:7
FNH:0
FNDA:0,(anonymous_6)
FNDA:0,(anonymous_7)
FNDA:0,(anonymous_8)
FNDA:0,(anonymous_9)
FNDA:0,(anonymous_10)
FNDA:0,(anonymous_11)
FNDA:0,(anonymous_12)
DA:3,0
DA:4,0
DA:5,0
DA:7,0
DA:9,0
DA:11,0
DA:13,0
DA:15,0
DA:19,0
DA:33,0
DA:35,0
DA:39,0
DA:50,0
DA:52,0
DA:56,0
DA:67,0
DA:70,0
DA:74,0
DA:100,0
DA:102,0
DA:106,0
DA:112,0
DA:114,0
DA:118,0
DA:134,0
DA:136,0
DA:140,0
DA:146,0
DA:149,0
DA:150,0
DA:151,0
DA:152,0
DA:153,0
DA:154,0
DA:155,0
DA:156,0
DA:157,0
DA:158,0
LF:38
LH:0
BRDA:73,0,0,0
BRDA:79,1,0,0
BRDA:79,1,1,0
BRDA:90,2,0,0
BRDA:90,2,1,0
BRF:5
BRH:0
end_of_record
TN:
SF:src/components/ui/separator.tsx
FN:10,(anonymous_6)
FNF:1
FNH:0
FNDA:0,(anonymous_6)
DA:1,0
DA:2,0
DA:4,0
DA:6,0
DA:14,0
DA:27,0
DA:29,0
LF:7
LH:0
BRDA:11,0,0,0
BRDA:11,1,0,0
BRDA:20,2,0,0
BRDA:20,2,1,0
BRF:4
BRH:0
end_of_record
TN:
SF:src/components/ui/sheet.tsx
FN:21,(anonymous_6)
FN:59,(anonymous_7)
FN:77,(anonymous_8)
FN:91,(anonymous_9)
FN:108,(anonymous_10)
FN:120,(anonymous_11)
FNF:6
FNH:0
FNDA:0,(anonymous_6)
FNDA:0,(anonymous_7)
FNDA:0,(anonymous_8)
FNDA:0,(anonymous_9)
FNDA:0,(anonymous_10)
FNDA:0,(anonymous_11)
DA:3,0
DA:4,0
DA:5,0
DA:6,0
DA:8,0
DA:10,0
DA:12,0
DA:14,0
DA:16,0
DA:18,0
DA:22,0
DA:31,0
DA:33,0
DA:56,0
DA:60,0
DA:75,0
DA:77,0
DA:81,0
DA:89,0
DA:91,0
DA:95,0
DA:103,0
DA:105,0
DA:109,0
DA:115,0
DA:117,0
DA:121,0
DA:127,0
DA:130,0
DA:131,0
DA:132,0
DA:133,0
DA:134,0
DA:135,0
DA:136,0
DA:137,0
DA:138,0
DA:139,0
LF:38
LH:0
BRDA:59,0,0,0
BRF:1
BRH:0
end_of_record
TN:
SF:src/components/ui/sidebar.tsx
FN:39,useSidebar
FN:56,(anonymous_7)
FN:76,(anonymous_8)
FN:91,(anonymous_9)
FN:93,(anonymous_10)
FN:94,(anonymous_11)
FN:98,(anonymous_12)
FN:99,(anonymous_13)
FN:110,(anonymous_14)
FN:118,(anonymous_15)
FN:165,(anonymous_16)
FN:263,(anonymous_17)
FN:273,(anonymous_18)
FN:289,(anonymous_19)
FN:318,(anonymous_20)
FN:336,(anonymous_21)
FN:354,(anonymous_22)
FN:369,(anonymous_23)
FN:384,(anonymous_24)
FN:399,(anonymous_25)
FN:417,(anonymous_26)
FN:432,(anonymous_27)
FN:453,(anonymous_28)
FN:476,(anonymous_29)
FN:489,(anonymous_30)
FN:502,(anonymous_31)
FN:542,(anonymous_32)
FN:599,(anonymous_33)
FN:627,(anonymous_34)
FN:650,(anonymous_35)
FN:652,(anonymous_36)
FN:686,(anonymous_37)
FN:703,(anonymous_38)
FN:713,(anonymous_39)
FNF:34
FNH:0
FNDA:0,useSidebar
FNDA:0,(anonymous_7)
FNDA:0,(anonymous_8)
FNDA:0,(anonymous_9)
FNDA:0,(anonymous_10)
FNDA:0,(anonymous_11)
FNDA:0,(anonymous_12)
FNDA:0,(anonymous_13)
FNDA:0,(anonymous_14)
FNDA:0,(anonymous_15)
FNDA:0,(anonymous_16)
FNDA:0,(anonymous_17)
FNDA:0,(anonymous_18)
FNDA:0,(anonymous_19)
FNDA:0,(anonymous_20)
FNDA:0,(anonymous_21)
FNDA:0,(anonymous_22)
FNDA:0,(anonymous_23)
FNDA:0,(anonymous_24)
FNDA:0,(anonymous_25)
FNDA:0,(anonymous_26)
FNDA:0,(anonymous_27)
FNDA:0,(anonymous_28)
FNDA:0,(anonymous_29)
FNDA:0,(anonymous_30)
FNDA:0,(anonymous_31)
FNDA:0,(anonymous_32)
FNDA:0,(anonymous_33)
FNDA:0,(anonymous_34)
FNDA:0,(anonymous_35)
FNDA:0,(anonymous_36)
FNDA:0,(anonymous_37)
FNDA:0,(anonymous_38)
FNDA:0,(anonymous_39)
DA:1,0
DA:2,0
DA:3,0
DA:4,0
DA:6,0
DA:7,0
DA:8,0
DA:9,0
DA:10,0
DA:11,0
DA:12,0
DA:13,0
DA:20,0
DA:21,0
DA:22,0
DA:23,0
DA:24,0
DA:25,0
DA:37,0
DA:40,0
DA:41,0
DA:42,0
DA:45,0
DA:48,0
DA:68,0
DA:69,0
DA:73,0
DA:74,0
DA:75,0
DA:77,0
DA:78,0
DA:79,0
DA:81,0
DA:85,0
DA:91,0
DA:92,0
DA:93,0
DA:94,0
DA:98,0
DA:99,0
DA:100,0
DA:104,0
DA:105,0
DA:109,0
DA:110,0
DA:115,0
DA:117,0
DA:118,0
DA:130,0
DA:155,0
DA:157,0
DA:176,0
DA:178,0
DA:179,0
DA:193,0
DA:194,0
DA:213,0
DA:258,0
DA:260,0
DA:264,0
DA:266,0
DA:274,0
DA:275,0
DA:284,0
DA:286,0
DA:290,0
DA:292,0
DA:313,0
DA:315,0
DA:319,0
DA:331,0
DA:333,0
DA:337,0
DA:349,0
DA:351,0
DA:355,0
DA:364,0
DA:366,0
DA:370,0
DA:379,0
DA:381,0
DA:385,0
DA:394,0
DA:396,0
DA:400,0
DA:412,0
DA:414,0
DA:418,0
DA:427,0
DA:429,0
DA:433,0
DA:435,0
DA:448,0
DA:450,0
DA:454,0
DA:456,0
DA:471,0
DA:473,0
DA:477,0
DA:484,0
DA:486,0
DA:490,0
DA:497,0
DA:499,0
DA:503,0
DA:510,0
DA:512,0
DA:534,0
DA:554,0
DA:555,0
DA:558,0
DA:568,0
DA:569,0
DA:572,0
DA:573,0
DA:578,0
DA:591,0
DA:593,0
DA:600,0
DA:602,0
DA:622,0
DA:624,0
DA:628,0
DA:643,0
DA:645,0
DA:652,0
DA:653,0
DA:656,0
DA:681,0
DA:683,0
DA:687,0
DA:698,0
DA:700,0
DA:703,0
DA:704,0
DA:706,0
DA:714,0
DA:716,0
DA:734,0
DA:737,0
DA:738,0
DA:739,0
DA:740,0
DA:741,0
DA:742,0
DA:743,0
DA:744,0
DA:745,0
DA:746,0
DA:747,0
DA:748,0
DA:749,0
DA:750,0
DA:751,0
DA:752,0
DA:753,0
DA:754,0
DA:755,0
DA:756,0
DA:757,0
DA:758,0
DA:759,0
DA:760,0
LF:163
LH:0
BRDA:41,0,0,0
BRDA:58,1,0,0
BRDA:74,2,0,0
BRDA:74,2,1,0
BRDA:77,3,0,0
BRDA:77,3,1,0
BRDA:78,4,0,0
BRDA:78,4,1,0
BRDA:92,5,0,0
BRDA:92,5,1,0
BRDA:100,6,0,0
BRDA:101,7,0,0
BRDA:101,7,1,0
BRDA:101,7,2,0
BRDA:115,8,0,0
BRDA:115,8,1,0
BRDA:167,9,0,0
BRDA:168,10,0,0
BRDA:169,11,0,0
BRDA:178,12,0,0
BRDA:193,13,0,0
BRDA:218,14,0,0
BRDA:218,14,1,0
BRDA:228,15,0,0
BRDA:228,15,1,0
BRDA:228,16,0,0
BRDA:228,16,1,0
BRDA:236,17,0,0
BRDA:236,17,1,0
BRDA:240,18,0,0
BRDA:240,18,1,0
BRDA:240,19,0,0
BRDA:240,19,1,0
BRDA:432,20,0,0
BRDA:433,21,0,0
BRDA:433,21,1,0
BRDA:453,22,0,0
BRDA:454,23,0,0
BRDA:454,23,1,0
BRDA:544,24,0,0
BRDA:545,25,0,0
BRDA:546,26,0,0
BRDA:547,27,0,0
BRDA:554,28,0,0
BRDA:554,28,1,0
BRDA:568,29,0,0
BRDA:572,30,0,0
BRDA:584,31,0,0
BRDA:584,31,1,0
BRDA:599,32,0,0
BRDA:599,33,0,0
BRDA:600,34,0,0
BRDA:600,34,1,0
BRDA:614,35,0,0
BRDA:614,35,1,0
BRDA:650,36,0,0
BRDA:663,37,0,0
BRDA:663,37,1,0
BRDA:713,38,0,0
BRDA:713,39,0,0
BRDA:714,40,0,0
BRDA:714,40,1,0
BRDA:725,41,0,0
BRDA:725,41,1,0
BRDA:726,42,0,0
BRDA:726,42,1,0
BRF:66
BRH:0
end_of_record
TN:
SF:src/components/ui/skeleton.tsx
FN:3,Skeleton
FNF:1
FNH:0
FNDA:0,Skeleton
DA:1,0
DA:7,0
DA:15,0
LF:3
LH:0
BRF:0
BRH:0
end_of_record
TN:
SF:src/components/ui/slider.tsx
FN:9,(anonymous_6)
FNF:1
FNH:0
FNDA:0,(anonymous_6)
DA:1,0
DA:2,0
DA:4,0
DA:6,0
DA:10,0
DA:24,0
DA:26,0
LF:7
LH:0
BRF:0
BRH:0
end_of_record
TN:
SF:src/components/ui/sonner.tsx
FN:8,(anonymous_0)
FNF:1
FNH:0
FNDA:0,(anonymous_0)
DA:3,0
DA:4,0
DA:8,0
DA:9,0
DA:11,0
DA:31,0
LF:6
LH:0
BRDA:9,0,0,0
BRF:1
BRH:0
end_of_record
TN:
SF:src/components/ui/switch.tsx
FN:9,(anonymous_6)
FNF:1
FNH:0
FNDA:0,(anonymous_6)
DA:1,0
DA:2,0
DA:4,0
DA:6,0
DA:10,0
DA:25,0
DA:27,0
LF:7
LH:0
BRF:0
BRH:0
end_of_record
TN:
SF:src/components/ui/table.tsx
FN:8,(anonymous_6)
FN:22,(anonymous_7)
FN:30,(anonymous_8)
FN:42,(anonymous_9)
FN:57,(anonymous_10)
FN:72,(anonymous_11)
FN:87,(anonymous_12)
FN:102,(anonymous_13)
FNF:8
FNH:0
FNDA:0,(anonymous_6)
FNDA:0,(anonymous_7)
FNDA:0,(anonymous_8)
FNDA:0,(anonymous_9)
FNDA:0,(anonymous_10)
FNDA:0,(anonymous_11)
FNDA:0,(anonymous_12)
FNDA:0,(anonymous_13)
DA:1,0
DA:3,0
DA:5,0
DA:9,0
DA:17,0
DA:19,0
DA:23,0
DA:25,0
DA:27,0
DA:31,0
DA:37,0
DA:39,0
DA:43,0
DA:52,0
DA:54,0
DA:58,0
DA:67,0
DA:69,0
DA:73,0
DA:82,0
DA:84,0
DA:88,0
DA:97,0
DA:99,0
DA:103,0
DA:109,0
DA:112,0
DA:113,0
DA:114,0
DA:115,0
DA:116,0
DA:117,0
DA:118,0
DA:119,0
LF:34
LH:0
BRF:0
BRH:0
end_of_record
TN:
SF:src/components/ui/tabs.tsx
FN:8,(anonymous_6)
FN:21,(anonymous_7)
FN:37,(anonymous_8)
FN:55,(anonymous_9)
FNF:4
FNH:4
FNDA:46,(anonymous_6)
FNDA:46,(anonymous_7)
FNDA:92,(anonymous_8)
FNDA:92,(anonymous_9)
DA:1,1
DA:2,1
DA:3,1
DA:5,1
DA:9,46
DA:16,1
DA:18,1
DA:22,46
DA:32,1
DA:34,1
DA:38,92
DA:50,1
DA:52,1
DA:56,92
DA:57,92
DA:58,92
DA:75,1
DA:77,1
LF:18
LH:18
BRDA:55,0,0,46
BRDA:64,1,0,92
BRDA:64,1,1,0
BRDA:67,2,0,0
BRDA:67,2,1,92
BRDA:67,3,0,92
BRDA:67,3,1,0
BRF:7
BRH:4
end_of_record
TN:
SF:src/components/ui/textarea.tsx
FN:8,(anonymous_6)
FNF:1
FNH:0
FNDA:0,(anonymous_6)
DA:1,0
DA:3,0
DA:5,0
DA:9,0
DA:20,0
DA:22,0
LF:6
LH:0
BRF:0
BRH:0
end_of_record
TN:
SF:src/components/ui/toast.tsx
FN:13,(anonymous_6)
FN:45,(anonymous_7)
FN:59,(anonymous_8)
FN:74,(anonymous_9)
FN:92,(anonymous_10)
FN:104,(anonymous_11)
FNF:6
FNH:0
FNDA:0,(anonymous_6)
FNDA:0,(anonymous_7)
FNDA:0,(anonymous_8)
FNDA:0,(anonymous_9)
FNDA:0,(anonymous_10)
FNDA:0,(anonymous_11)
DA:1,0
DA:2,0
DA:3,0
DA:4,0
DA:6,0
DA:8,0
DA:10,0
DA:14,0
DA:23,0
DA:25,0
DA:41,0
DA:46,0
DA:54,0
DA:56,0
DA:60,0
DA:69,0
DA:71,0
DA:75,0
DA:87,0
DA:89,0
DA:93,0
DA:99,0
DA:101,0
DA:105,0
DA:111,0
DA:120,0
DA:121,0
DA:122,0
DA:123,0
DA:124,0
DA:125,0
DA:126,0
LF:32
LH:0
BRF:0
BRH:0
end_of_record
TN:
SF:src/components/ui/toaster.tsx
FN:11,Toaster
FN:16,(anonymous_1)
FNF:2
FNH:0
FNDA:0,Toaster
FNDA:0,(anonymous_1)
DA:1,0
DA:2,0
DA:11,0
DA:12,0
DA:14,0
DA:17,0
LF:6
LH:0
BRDA:20,0,0,0
BRDA:20,0,1,0
BRDA:21,1,0,0
BRDA:21,1,1,0
BRF:4
BRH:0
end_of_record
TN:
SF:src/components/ui/toggle-group.tsx
FN:19,(anonymous_6)
FN:37,(anonymous_7)
FNF:2
FNH:0
FNDA:0,(anonymous_6)
FNDA:0,(anonymous_7)
DA:1,0
DA:2,0
DA:5,0
DA:6,0
DA:8,0
DA:15,0
DA:20,0
DA:31,0
DA:33,0
DA:38,0
DA:40,0
DA:57,0
DA:59,0
LF:13
LH:0
BRDA:45,0,0,0
BRDA:45,0,1,0
BRDA:46,1,0,0
BRDA:46,1,1,0
BRF:4
BRH:0
end_of_record
TN:
SF:src/components/ui/toggle.tsx
FN:35,(anonymous_6)
FNF:1
FNH:0
FNDA:0,(anonymous_6)
DA:3,0
DA:4,0
DA:5,0
DA:7,0
DA:9,0
DA:31,0
DA:36,0
DA:43,0
DA:45,0
LF:9
LH:0
BRF:0
BRH:0
end_of_record
TN:
SF:src/components/ui/tooltip.tsx
FN:17,(anonymous_6)
FNF:1
FNH:0
FNDA:0,(anonymous_6)
DA:3,0
DA:4,0
DA:6,0
DA:8,0
DA:10,0
DA:12,0
DA:14,0
DA:18,0
DA:30,0
DA:32,0
LF:10
LH:0
BRDA:17,0,0,0
BRF:1
BRH:0
end_of_record
TN:
SF:src/hooks/use-mobile.tsx
FN:5,useIsMobile
FN:8,(anonymous_7)
FN:10,(anonymous_8)
FN:15,(anonymous_9)
FNF:4
FNH:0
FNDA:0,useIsMobile
FNDA:0,(anonymous_7)
FNDA:0,(anonymous_8)
FNDA:0,(anonymous_9)
DA:1,0
DA:3,0
DA:5,0
DA:6,0
DA:8,0
DA:9,0
DA:10,0
DA:11,0
DA:13,0
DA:14,0
DA:15,0
DA:18,0
LF:12
LH:0
BRF:0
BRH:0
end_of_record
TN:
SF:src/hooks/use-toast.ts
FN:30,genId
FN:61,(anonymous_7)
FN:66,(anonymous_8)
FN:77,(anonymous_9)
FN:88,(anonymous_10)
FN:101,(anonymous_11)
FN:108,(anonymous_12)
FN:127,(anonymous_13)
FN:136,dispatch
FN:138,(anonymous_15)
FN:145,toast
FN:148,(anonymous_17)
FN:153,(anonymous_18)
FN:161,(anonymous_19)
FN:174,useToast
FN:177,(anonymous_21)
FN:179,(anonymous_22)
FN:190,(anonymous_23)
FNF:18
FNH:0
FNDA:0,genId
FNDA:0,(anonymous_7)
FNDA:0,(anonymous_8)
FNDA:0,(anonymous_9)
FNDA:0,(anonymous_10)
FNDA:0,(anonymous_11)
FNDA:0,(anonymous_12)
FNDA:0,(anonymous_13)
FNDA:0,dispatch
FNDA:0,(anonymous_15)
FNDA:0,toast
FNDA:0,(anonymous_17)
FNDA:0,(anonymous_18)
FNDA:0,(anonymous_19)
FNDA:0,useToast
FNDA:0,(anonymous_21)
FNDA:0,(anonymous_22)
FNDA:0,(anonymous_23)
DA:4,0
DA:11,0
DA:12,0
DA:21,0
DA:28,0
DA:31,0
DA:32,0
DA:59,0
DA:61,0
DA:62,0
DA:63,0
DA:66,0
DA:67,0
DA:68,0
DA:74,0
DA:77,0
DA:78,0
DA:80,0
DA:86,0
DA:89,0
DA:94,0
DA:98,0
DA:99,0
DA:101,0
DA:102,0
DA:106,0
DA:109,0
DA:119,0
DA:120,0
DA:125,0
DA:127,0
DA:132,0
DA:134,0
DA:137,0
DA:138,0
DA:139,0
DA:146,0
DA:148,0
DA:149,0
DA:153,0
DA:155,0
DA:162,0
DA:167,0
DA:175,0
DA:177,0
DA:178,0
DA:179,0
DA:180,0
DA:181,0
DA:182,0
DA:187,0
DA:190,0
DA:194,0
LF:53
LH:0
BRDA:62,0,0,0
BRDA:78,1,0,0
BRDA:78,1,1,0
BRDA:78,1,2,0
BRDA:78,1,3,0
BRDA:89,2,0,0
BRDA:89,2,1,0
BRDA:98,3,0,0
BRDA:98,3,1,0
BRDA:109,4,0,0
BRDA:109,4,1,0
BRDA:109,5,0,0
BRDA:109,5,1,0
BRDA:119,6,0,0
BRDA:162,7,0,0
BRDA:181,8,0,0
BRF:16
BRH:0
end_of_record
TN:
SF:src/hooks/use-websocket.ts
FN:32,useWebSocket
FN:40,(anonymous_1)
FN:41,(anonymous_2)
FN:47,(anonymous_3)
FN:48,(anonymous_4)
FN:50,(anonymous_5)
FN:51,(anonymous_6)
FN:53,(anonymous_7)
FN:64,(anonymous_8)
FN:86,(anonymous_9)
FN:91,(anonymous_10)
FN:93,(anonymous_11)
FN:112,(anonymous_12)
FN:117,(anonymous_13)
FN:119,(anonymous_14)
FN:122,(anonymous_15)
FN:137,(anonymous_16)
FN:141,(anonymous_17)
FN:149,(anonymous_18)
FN:155,(anonymous_19)
FN:166,(anonymous_20)
FN:181,(anonymous_21)
FN:200,(anonymous_22)
FN:209,(anonymous_23)
FN:218,(anonymous_24)
FN:221,(anonymous_25)
FNF:26
FNH:0
FNDA:0,useWebSocket
FNDA:0,(anonymous_1)
FNDA:0,(anonymous_2)
FNDA:0,(anonymous_3)
FNDA:0,(anonymous_4)
FNDA:0,(anonymous_5)
FNDA:0,(anonymous_6)
FNDA:0,(anonymous_7)
FNDA:0,(anonymous_8)
FNDA:0,(anonymous_9)
FNDA:0,(anonymous_10)
FNDA:0,(anonymous_11)
FNDA:0,(anonymous_12)
FNDA:0,(anonymous_13)
FNDA:0,(anonymous_14)
FNDA:0,(anonymous_15)
FNDA:0,(anonymous_16)
FNDA:0,(anonymous_17)
FNDA:0,(anonymous_18)
FNDA:0,(anonymous_19)
FNDA:0,(anonymous_20)
FNDA:0,(anonymous_21)
FNDA:0,(anonymous_22)
FNDA:0,(anonymous_23)
FNDA:0,(anonymous_24)
FNDA:0,(anonymous_25)
DA:1,1
DA:2,1
DA:5,1
DA:7,1
DA:32,1
DA:33,0
DA:38,0
DA:40,0
DA:41,0
DA:47,0
DA:48,0
DA:50,0
DA:51,0
DA:53,0
DA:54,0
DA:62,0
DA:64,0
DA:65,0
DA:66,0
DA:67,0
DA:68,0
DA:69,0
DA:70,0
DA:71,0
DA:72,0
DA:73,0
DA:74,0
DA:75,0
DA:76,0
DA:78,0
DA:81,0
DA:82,0
DA:83,0
DA:86,0
DA:87,0
DA:88,0
DA:91,0
DA:92,0
DA:93,0
DA:94,0
DA:95,0
DA:96,0
DA:97,0
DA:98,0
DA:105,0
DA:108,0
DA:109,0
DA:112,0
DA:113,0
DA:114,0
DA:117,0
DA:118,0
DA:119,0
DA:120,0
DA:121,0
DA:122,0
DA:133,0
DA:137,0
DA:138,0
DA:139,0
DA:141,0
DA:142,0
DA:143,0
DA:144,0
DA:145,0
DA:149,0
DA:150,0
DA:151,0
DA:152,0
DA:153,0
DA:154,0
DA:155,0
DA:156,0
DA:157,0
DA:161,0
DA:166,0
DA:167,0
DA:168,0
DA:169,0
DA:170,0
DA:171,0
DA:173,0
DA:174,0
DA:175,0
DA:181,0
DA:182,0
DA:183,0
DA:184,0
DA:185,0
DA:186,0
DA:191,0
DA:192,0
DA:193,0
DA:198,0
DA:200,0
DA:201,0
DA:202,0
DA:203,0
DA:205,0
DA:209,0
DA:210,0
DA:211,0
DA:212,0
DA:213,0
DA:214,0
DA:215,0
DA:218,0
DA:219,0
DA:220,0
DA:221,0
DA:222,0
DA:223,0
DA:224,0
DA:225,0
DA:226,0
DA:230,0
LF:116
LH:5
BRDA:43,0,0,0
BRDA:43,0,1,0
BRDA:65,1,0,0
BRDA:67,2,0,0
BRDA:68,3,0,0
BRDA:69,4,0,0
BRDA:70,5,0,0
BRDA:81,6,0,0
BRDA:82,7,0,0
BRDA:82,7,1,0
BRDA:87,8,0,0
BRDA:92,9,0,0
BRDA:94,10,0,0
BRDA:94,11,0,0
BRDA:94,11,1,0
BRDA:108,12,0,0
BRDA:113,13,0,0
BRDA:118,14,0,0
BRDA:120,15,0,0
BRDA:120,16,0,0
BRDA:120,16,1,0
BRDA:142,17,0,0
BRDA:151,18,0,0
BRDA:151,19,0,0
BRDA:151,19,1,0
BRDA:153,20,0,0
BRDA:153,20,1,0
BRDA:156,21,0,0
BRDA:167,22,0,0
BRDA:174,23,0,0
BRDA:182,24,0,0
BRDA:185,25,0,0
BRDA:191,26,0,0
BRDA:191,26,1,0
BRDA:192,27,0,0
BRDA:201,28,0,0
BRF:36
BRH:0
end_of_record
TN:
SF:src/lib/utils.ts
FN:4,cn
FNF:1
FNH:1
FNDA:1272,cn
DA:1,1
DA:2,1
DA:4,1
DA:5,1272
LF:4
LH:4
BRF:0
BRH:0
end_of_record
TN:
SF:src/types/index.ts
FNF:0
FNH:0
DA:15,1
DA:19,1
LF:2
LH:2
BRF:0
BRH:0
end_of_record
TN:
SF:src/utils/mock-data.ts
FN:3,(anonymous_0)
FN:21,(anonymous_1)
FNF:2
FNH:0
FNDA:0,(anonymous_0)
FNDA:0,(anonymous_1)
DA:3,1
DA:4,0
DA:5,0
DA:6,0
DA:8,0
DA:10,0
DA:11,0
DA:13,0
DA:14,0
DA:16,0
DA:17,0
DA:20,0
DA:21,0
LF:13
LH:1
BRDA:8,0,0,0
BRDA:8,0,1,0
BRDA:8,0,2,0
BRF:3
BRH:0
end_of_record
